<?xml version="1.0" encoding="UTF-8"?>
<coverage generated="1763646928451" clover="3.2.0">
  <project timestamp="1763646928451" name="All files">
    <metrics statements="717" coveredstatements="717" conditionals="207" coveredconditionals="207" methods="171" coveredmethods="171" elements="1095" coveredelements="1095" complexity="0" loc="717" ncloc="717" packages="6" files="26" classes="26"/>
    <package name="src">
      <metrics statements="51" coveredstatements="51" conditionals="9" coveredconditionals="9" methods="9" coveredmethods="9"/>
      <file name="app.ts" path="C:\Users\Utente\Desktop\PersonalStudy\projects\geocontrol\src\app.ts">
        <metrics statements="25" coveredstatements="25" conditionals="0" coveredconditionals="0" methods="0" coveredmethods="0"/>
        <line num="1" count="16" type="stmt"/>
        <line num="2" count="16" type="stmt"/>
        <line num="3" count="16" type="stmt"/>
        <line num="4" count="16" type="stmt"/>
        <line num="5" count="16" type="stmt"/>
        <line num="6" count="16" type="stmt"/>
        <line num="7" count="16" type="stmt"/>
        <line num="8" count="16" type="stmt"/>
        <line num="9" count="16" type="stmt"/>
        <line num="10" count="16" type="stmt"/>
        <line num="11" count="16" type="stmt"/>
        <line num="12" count="16" type="stmt"/>
        <line num="13" count="16" type="stmt"/>
        <line num="14" count="16" type="stmt"/>
        <line num="16" count="16" type="stmt"/>
        <line num="17" count="16" type="stmt"/>
        <line num="19" count="16" type="stmt"/>
        <line num="25" count="16" type="stmt"/>
        <line num="33" count="16" type="stmt"/>
        <line num="34" count="16" type="stmt"/>
        <line num="35" count="16" type="stmt"/>
        <line num="36" count="16" type="stmt"/>
        <line num="37" count="16" type="stmt"/>
        <line num="38" count="16" type="stmt"/>
        <line num="41" count="16" type="stmt"/>
      </file>
      <file name="utils.ts" path="C:\Users\Utente\Desktop\PersonalStudy\projects\geocontrol\src\utils.ts">
        <metrics statements="26" coveredstatements="26" conditionals="9" coveredconditionals="9" methods="9" coveredmethods="9"/>
        <line num="1" count="46" type="stmt"/>
        <line num="2" count="46" type="stmt"/>
        <line num="3" count="46" type="stmt"/>
        <line num="5" count="46" type="stmt"/>
        <line num="10" count="1620" type="stmt"/>
        <line num="11" count="1620" type="cond" truecount="1" falsecount="0"/>
        <line num="12" count="70" type="stmt"/>
        <line num="14" count="1550" type="stmt"/>
        <line num="17" count="46" type="stmt"/>
        <line num="22" count="904" type="cond" truecount="1" falsecount="0"/>
        <line num="23" count="14" type="stmt"/>
        <line num="27" count="46" type="stmt"/>
        <line num="28" count="15" type="cond" truecount="1" falsecount="0"/>
        <line num="30" count="6" type="stmt"/>
        <line num="31" count="6" type="cond" truecount="2" falsecount="0"/>
        <line num="34" count="46" type="stmt"/>
        <line num="35" count="10" type="cond" truecount="1" falsecount="0"/>
        <line num="36" count="4" type="stmt"/>
        <line num="37" count="15" type="cond" truecount="2" falsecount="0"/>
        <line num="40" count="15" type="stmt"/>
        <line num="41" count="15" type="stmt"/>
        <line num="44" count="6" type="cond" truecount="1" falsecount="0"/>
        <line num="45" count="3" type="stmt"/>
        <line num="47" count="12" type="stmt"/>
        <line num="48" count="12" type="stmt"/>
        <line num="51" count="3" type="stmt"/>
      </file>
    </package>
    <package name="src.controllers">
      <metrics statements="236" coveredstatements="236" conditionals="136" coveredconditionals="136" methods="46" coveredmethods="46"/>
      <file name="authController.ts" path="C:\Users\Utente\Desktop\PersonalStudy\projects\geocontrol\src\controllers\authController.ts">
        <metrics statements="10" coveredstatements="10" conditionals="1" coveredconditionals="1" methods="1" coveredmethods="1"/>
        <line num="2" count="17" type="stmt"/>
        <line num="4" count="17" type="stmt"/>
        <line num="5" count="17" type="stmt"/>
        <line num="6" count="17" type="stmt"/>
        <line num="8" count="17" type="stmt"/>
        <line num="9" count="2" type="stmt"/>
        <line num="10" count="2" type="stmt"/>
        <line num="11" count="2" type="cond" truecount="1" falsecount="0"/>
        <line num="12" count="1" type="stmt"/>
        <line num="14" count="1" type="stmt"/>
      </file>
      <file name="gatewayController.ts" path="C:\Users\Utente\Desktop\PersonalStudy\projects\geocontrol\src\controllers\gatewayController.ts">
        <metrics statements="22" coveredstatements="22" conditionals="3" coveredconditionals="3" methods="6" coveredmethods="6"/>
        <line num="2" count="18" type="stmt"/>
        <line num="3" count="18" type="stmt"/>
        <line num="4" count="18" type="stmt"/>
        <line num="6" count="18" type="stmt"/>
        <line num="7" count="10" type="stmt"/>
        <line num="8" count="10" type="stmt"/>
        <line num="11" count="9" type="stmt"/>
        <line num="14" count="18" type="stmt"/>
        <line num="15" count="127" type="stmt"/>
        <line num="16" count="127" type="stmt"/>
        <line num="19" count="116" type="cond" truecount="3" falsecount="0"/>
        <line num="20" count="1" type="stmt"/>
        <line num="24" count="115" type="stmt"/>
        <line num="27" count="18" type="stmt"/>
        <line num="28" count="134" type="stmt"/>
        <line num="29" count="134" type="stmt"/>
        <line num="37" count="18" type="stmt"/>
        <line num="38" count="9" type="stmt"/>
        <line num="39" count="9" type="stmt"/>
        <line num="48" count="18" type="stmt"/>
        <line num="49" count="13" type="stmt"/>
        <line num="50" count="13" type="stmt"/>
      </file>
      <file name="measurementController.ts" path="C:\Users\Utente\Desktop\PersonalStudy\projects\geocontrol\src\controllers\measurementController.ts">
        <metrics statements="115" coveredstatements="115" conditionals="117" coveredconditionals="117" methods="24" coveredmethods="24"/>
        <line num="1" count="17" type="stmt"/>
        <line num="3" count="17" type="stmt"/>
        <line num="5" count="17" type="stmt"/>
        <line num="6" count="17" type="stmt"/>
        <line num="7" count="17" type="stmt"/>
        <line num="8" count="17" type="stmt"/>
        <line num="9" count="17" type="stmt"/>
        <line num="11" count="17" type="stmt"/>
        <line num="13" count="17" type="stmt"/>
        <line num="14" count="83" type="stmt"/>
        <line num="16" count="83" type="stmt"/>
        <line num="17" count="81" type="stmt"/>
        <line num="18" count="81" type="stmt"/>
        <line num="20" count="80" type="stmt"/>
        <line num="21" count="314" type="stmt"/>
        <line num="28" count="5" type="cond" truecount="1" falsecount="0"/>
        <line num="29" count="2" type="cond" truecount="1" falsecount="0"/>
        <line num="30" count="1" type="cond" truecount="2" falsecount="0"/>
        <line num="34" count="17" type="stmt"/>
        <line num="35" count="25" type="stmt"/>
        <line num="37" count="25" type="stmt"/>
        <line num="38" count="23" type="stmt"/>
        <line num="39" count="21" type="stmt"/>
        <line num="41" count="19" type="stmt"/>
        <line num="47" count="17" type="cond" truecount="3" falsecount="0"/>
        <line num="49" count="5" type="stmt"/>
        <line num="59" count="12" type="stmt"/>
        <line num="65" count="18" type="stmt"/>
        <line num="73" count="12" type="stmt"/>
        <line num="79" count="8" type="cond" truecount="1" falsecount="0"/>
        <line num="80" count="2" type="cond" truecount="1" falsecount="0"/>
        <line num="81" count="1" type="cond" truecount="2" falsecount="0"/>
        <line num="85" count="17" type="stmt"/>
        <line num="86" count="16" type="stmt"/>
        <line num="88" count="16" type="stmt"/>
        <line num="89" count="14" type="stmt"/>
        <line num="90" count="12" type="stmt"/>
        <line num="92" count="10" type="stmt"/>
        <line num="97" count="8" type="stmt"/>
        <line num="99" count="8" type="cond" truecount="1" falsecount="0"/>
        <line num="100" count="2" type="cond" truecount="1" falsecount="0"/>
        <line num="101" count="1" type="cond" truecount="2" falsecount="0"/>
        <line num="105" count="17" type="stmt"/>
        <line num="106" count="16" type="stmt"/>
        <line num="108" count="16" type="stmt"/>
        <line num="109" count="14" type="stmt"/>
        <line num="110" count="12" type="stmt"/>
        <line num="112" count="10" type="stmt"/>
        <line num="119" count="8" type="stmt"/>
        <line num="125" count="8" type="stmt"/>
        <line num="128" count="5" type="stmt"/>
        <line num="135" count="8" type="cond" truecount="1" falsecount="0"/>
        <line num="136" count="2" type="cond" truecount="1" falsecount="0"/>
        <line num="137" count="1" type="cond" truecount="2" falsecount="0"/>
        <line num="141" count="17" type="stmt"/>
        <line num="142" count="27" type="stmt"/>
        <line num="143" count="27" type="stmt"/>
        <line num="144" count="25" type="stmt"/>
        <line num="150" count="23" type="cond" truecount="3" falsecount="0"/>
        <line num="151" count="5" type="stmt"/>
        <line num="152" count="6" type="stmt"/>
        <line num="166" count="18" type="stmt"/>
        <line num="167" count="18" type="stmt"/>
        <line num="168" count="56" type="stmt"/>
        <line num="169" count="56" type="cond" truecount="1" falsecount="0"/>
        <line num="170" count="56" type="stmt"/>
        <line num="172" count="18" type="stmt"/>
        <line num="173" count="22" type="stmt"/>
        <line num="177" count="56" type="stmt"/>
        <line num="184" count="22" type="stmt"/>
        <line num="190" count="18" type="stmt"/>
        <line num="192" count="4" type="cond" truecount="1" falsecount="0"/>
        <line num="193" count="2" type="cond" truecount="1" falsecount="0"/>
        <line num="194" count="1" type="cond" truecount="2" falsecount="0"/>
        <line num="198" count="17" type="stmt"/>
        <line num="199" count="16" type="stmt"/>
        <line num="200" count="16" type="stmt"/>
        <line num="201" count="14" type="stmt"/>
        <line num="206" count="14" type="cond" truecount="3" falsecount="0"/>
        <line num="207" count="5" type="stmt"/>
        <line num="208" count="5" type="stmt"/>
        <line num="221" count="9" type="stmt"/>
        <line num="222" count="9" type="stmt"/>
        <line num="223" count="22" type="stmt"/>
        <line num="224" count="22" type="cond" truecount="1" falsecount="0"/>
        <line num="225" count="22" type="stmt"/>
        <line num="227" count="9" type="stmt"/>
        <line num="228" count="13" type="stmt"/>
        <line num="232" count="11" type="stmt"/>
        <line num="237" count="7" type="stmt"/>
        <line num="239" count="4" type="cond" truecount="1" falsecount="0"/>
        <line num="240" count="2" type="cond" truecount="1" falsecount="0"/>
        <line num="241" count="1" type="cond" truecount="2" falsecount="0"/>
        <line num="245" count="17" type="stmt"/>
        <line num="246" count="17" type="stmt"/>
        <line num="247" count="17" type="stmt"/>
        <line num="248" count="15" type="stmt"/>
        <line num="254" count="14" type="cond" truecount="3" falsecount="0"/>
        <line num="255" count="4" type="stmt"/>
        <line num="256" count="4" type="stmt"/>
        <line num="270" count="10" type="stmt"/>
        <line num="271" count="10" type="stmt"/>
        <line num="272" count="41" type="stmt"/>
        <line num="273" count="41" type="cond" truecount="1" falsecount="0"/>
        <line num="274" count="41" type="stmt"/>
        <line num="276" count="10" type="stmt"/>
        <line num="277" count="12" type="stmt"/>
        <line num="281" count="11" type="stmt"/>
        <line num="282" count="40" type="cond" truecount="4" falsecount="0"/>
        <line num="285" count="5" type="stmt"/>
        <line num="290" count="11" type="stmt"/>
        <line num="296" count="9" type="stmt"/>
        <line num="298" count="4" type="cond" truecount="1" falsecount="0"/>
        <line num="299" count="2" type="cond" truecount="1" falsecount="0"/>
        <line num="300" count="1" type="cond" truecount="2" falsecount="0"/>
      </file>
      <file name="networkController.ts" path="C:\Users\Utente\Desktop\PersonalStudy\projects\geocontrol\src\controllers\networkController.ts">
        <metrics statements="17" coveredstatements="17" conditionals="0" coveredconditionals="0" methods="5" coveredmethods="5"/>
        <line num="2" count="17" type="stmt"/>
        <line num="3" count="17" type="stmt"/>
        <line num="5" count="17" type="stmt"/>
        <line num="6" count="8" type="stmt"/>
        <line num="7" count="8" type="stmt"/>
        <line num="10" count="17" type="stmt"/>
        <line num="11" count="19" type="stmt"/>
        <line num="12" count="19" type="stmt"/>
        <line num="15" count="17" type="stmt"/>
        <line num="16" count="160" type="stmt"/>
        <line num="17" count="160" type="stmt"/>
        <line num="20" count="17" type="stmt"/>
        <line num="21" count="8" type="stmt"/>
        <line num="22" count="8" type="stmt"/>
        <line num="25" count="17" type="stmt"/>
        <line num="26" count="13" type="stmt"/>
        <line num="27" count="13" type="stmt"/>
      </file>
      <file name="sensorController.ts" path="C:\Users\Utente\Desktop\PersonalStudy\projects\geocontrol\src\controllers\sensorController.ts">
        <metrics statements="58" coveredstatements="58" conditionals="15" coveredconditionals="15" methods="6" coveredmethods="6"/>
        <line num="2" count="18" type="stmt"/>
        <line num="3" count="18" type="stmt"/>
        <line num="4" count="18" type="stmt"/>
        <line num="5" count="18" type="stmt"/>
        <line num="6" count="18" type="stmt"/>
        <line num="7" count="18" type="stmt"/>
        <line num="9" count="18" type="stmt"/>
        <line num="11" count="13" type="stmt"/>
        <line num="12" count="13" type="stmt"/>
        <line num="13" count="13" type="cond" truecount="1" falsecount="0"/>
        <line num="16" count="11" type="stmt"/>
        <line num="17" count="11" type="stmt"/>
        <line num="21" count="11" type="cond" truecount="1" falsecount="0"/>
        <line num="22" count="10" type="cond" truecount="1" falsecount="0"/>
        <line num="24" count="9" type="stmt"/>
        <line num="25" count="9" type="stmt"/>
        <line num="28" count="10" type="stmt"/>
        <line num="31" count="18" type="stmt"/>
        <line num="33" count="127" type="stmt"/>
        <line num="34" count="127" type="stmt"/>
        <line num="35" count="127" type="cond" truecount="1" falsecount="0"/>
        <line num="38" count="125" type="stmt"/>
        <line num="39" count="125" type="stmt"/>
        <line num="43" count="125" type="cond" truecount="1" falsecount="0"/>
        <line num="44" count="122" type="cond" truecount="1" falsecount="0"/>
        <line num="46" count="121" type="stmt"/>
        <line num="47" count="121" type="stmt"/>
        <line num="50" count="110" type="stmt"/>
        <line num="53" count="18" type="stmt"/>
        <line num="55" count="131" type="stmt"/>
        <line num="56" count="131" type="stmt"/>
        <line num="57" count="131" type="cond" truecount="1" falsecount="0"/>
        <line num="60" count="130" type="stmt"/>
        <line num="61" count="130" type="stmt"/>
        <line num="65" count="130" type="cond" truecount="1" falsecount="0"/>
        <line num="66" count="128" type="cond" truecount="1" falsecount="0"/>
        <line num="68" count="127" type="stmt"/>
        <line num="69" count="127" type="stmt"/>
        <line num="79" count="18" type="stmt"/>
        <line num="81" count="12" type="stmt"/>
        <line num="82" count="12" type="stmt"/>
        <line num="83" count="12" type="cond" truecount="1" falsecount="0"/>
        <line num="86" count="11" type="stmt"/>
        <line num="87" count="11" type="stmt"/>
        <line num="91" count="11" type="cond" truecount="1" falsecount="0"/>
        <line num="92" count="8" type="cond" truecount="1" falsecount="0"/>
        <line num="94" count="7" type="stmt"/>
        <line num="95" count="7" type="stmt"/>
        <line num="106" count="18" type="stmt"/>
        <line num="108" count="16" type="stmt"/>
        <line num="109" count="16" type="stmt"/>
        <line num="110" count="16" type="cond" truecount="1" falsecount="0"/>
        <line num="113" count="15" type="stmt"/>
        <line num="114" count="15" type="stmt"/>
        <line num="118" count="15" type="cond" truecount="1" falsecount="0"/>
        <line num="119" count="13" type="cond" truecount="1" falsecount="0"/>
        <line num="121" count="12" type="stmt"/>
        <line num="122" count="12" type="stmt"/>
      </file>
      <file name="userController.ts" path="C:\Users\Utente\Desktop\PersonalStudy\projects\geocontrol\src\controllers\userController.ts">
        <metrics statements="14" coveredstatements="14" conditionals="0" coveredconditionals="0" methods="4" coveredmethods="4"/>
        <line num="2" count="17" type="stmt"/>
        <line num="3" count="17" type="stmt"/>
        <line num="5" count="17" type="stmt"/>
        <line num="6" count="2" type="stmt"/>
        <line num="7" count="2" type="stmt"/>
        <line num="10" count="17" type="stmt"/>
        <line num="11" count="6" type="stmt"/>
        <line num="12" count="6" type="stmt"/>
        <line num="15" count="17" type="stmt"/>
        <line num="16" count="2" type="stmt"/>
        <line num="17" count="2" type="stmt"/>
        <line num="20" count="17" type="stmt"/>
        <line num="21" count="2" type="stmt"/>
        <line num="22" count="2" type="stmt"/>
      </file>
    </package>
    <package name="src.middlewares">
      <metrics statements="12" coveredstatements="12" conditionals="1" coveredconditionals="1" methods="3" coveredmethods="3"/>
      <file name="authMiddleware.ts" path="C:\Users\Utente\Desktop\PersonalStudy\projects\geocontrol\src\middlewares\authMiddleware.ts">
        <metrics statements="7" coveredstatements="7" conditionals="1" coveredconditionals="1" methods="2" coveredmethods="2"/>
        <line num="3" count="16" type="stmt"/>
        <line num="10" count="16" type="cond" truecount="1" falsecount="0"/>
        <line num="11" count="416" type="stmt"/>
        <line num="16" count="851" type="stmt"/>
        <line num="17" count="851" type="stmt"/>
        <line num="18" count="803" type="stmt"/>
        <line num="20" count="48" type="stmt"/>
      </file>
      <file name="errorMiddleware.ts" path="C:\Users\Utente\Desktop\PersonalStudy\projects\geocontrol\src\middlewares\errorMiddleware.ts">
        <metrics statements="5" coveredstatements="5" conditionals="0" coveredconditionals="0" methods="1" coveredmethods="1"/>
        <line num="1" count="16" type="stmt"/>
        <line num="2" count="16" type="stmt"/>
        <line num="5" count="16" type="stmt"/>
        <line num="11" count="217" type="stmt"/>
        <line num="12" count="217" type="stmt"/>
      </file>
    </package>
    <package name="src.repositories">
      <metrics statements="174" coveredstatements="174" conditionals="36" coveredconditionals="36" methods="56" coveredmethods="56"/>
      <file name="GatewayRepository.ts" path="C:\Users\Utente\Desktop\PersonalStudy\projects\geocontrol\src\repositories\GatewayRepository.ts">
        <metrics statements="47" coveredstatements="47" conditionals="8" coveredconditionals="8" methods="11" coveredmethods="11"/>
        <line num="1" count="20" type="stmt"/>
        <line num="3" count="20" type="stmt"/>
        <line num="4" count="20" type="stmt"/>
        <line num="5" count="20" type="stmt"/>
        <line num="6" count="20" type="stmt"/>
        <line num="8" count="20" type="stmt"/>
        <line num="12" count="290" type="stmt"/>
        <line num="16" count="10" type="stmt"/>
        <line num="17" count="10" type="stmt"/>
        <line num="18" count="10" type="cond" truecount="1" falsecount="0"/>
        <line num="20" count="9" type="stmt"/>
        <line num="29" count="140" type="stmt"/>
        <line num="31" count="3" type="stmt"/>
        <line num="36" count="137" type="stmt"/>
        <line num="37" count="137" type="cond" truecount="1" falsecount="0"/>
        <line num="39" count="135" type="stmt"/>
        <line num="45" count="135" type="stmt"/>
        <line num="46" count="135" type="stmt"/>
        <line num="52" count="144" type="stmt"/>
        <line num="54" count="130" type="stmt"/>
        <line num="65" count="12" type="stmt"/>
        <line num="67" count="10" type="stmt"/>
        <line num="72" count="10" type="cond" truecount="1" falsecount="0"/>
        <line num="73" count="8" type="stmt"/>
        <line num="75" count="1" type="stmt"/>
        <line num="80" count="9" type="stmt"/>
        <line num="81" count="9" type="stmt"/>
        <line num="84" count="9" type="stmt"/>
        <line num="85" count="9" type="stmt"/>
        <line num="86" count="9" type="cond" truecount="1" falsecount="0"/>
        <line num="87" count="7" type="cond" truecount="2" falsecount="0"/>
        <line num="88" count="6" type="stmt"/>
        <line num="89" count="6" type="stmt"/>
        <line num="90" count="6" type="stmt"/>
        <line num="91" count="2" type="stmt"/>
        <line num="93" count="6" type="stmt"/>
        <line num="95" count="6" type="stmt"/>
        <line num="97" count="1" type="stmt"/>
        <line num="98" count="1" type="stmt"/>
        <line num="100" count="7" type="stmt"/>
        <line num="107" count="14" type="stmt"/>
        <line num="108" count="14" type="stmt"/>
        <line num="109" count="14" type="cond" truecount="1" falsecount="0"/>
        <line num="112" count="13" type="stmt"/>
        <line num="113" count="12" type="cond" truecount="1" falsecount="0"/>
        <line num="114" count="1" type="stmt"/>
        <line num="117" count="11" type="stmt"/>
      </file>
      <file name="MeasurementRepository.ts" path="C:\Users\Utente\Desktop\PersonalStudy\projects\geocontrol\src\repositories\MeasurementRepository.ts">
        <metrics statements="48" coveredstatements="48" conditionals="20" coveredconditionals="20" methods="17" coveredmethods="17"/>
        <line num="1" count="20" type="stmt"/>
        <line num="3" count="20" type="stmt"/>
        <line num="4" count="20" type="stmt"/>
        <line num="5" count="20" type="stmt"/>
        <line num="8" count="20" type="stmt"/>
        <line num="12" count="21" type="stmt"/>
        <line num="16" count="332" type="stmt"/>
        <line num="17" count="332" type="stmt"/>
        <line num="19" count="332" type="cond" truecount="2" falsecount="0"/>
        <line num="23" count="330" type="stmt"/>
        <line num="24" count="330" type="stmt"/>
        <line num="28" count="94" type="stmt"/>
        <line num="33" count="94" type="cond" truecount="1" falsecount="0"/>
        <line num="34" count="94" type="cond" truecount="1" falsecount="0"/>
        <line num="36" count="94" type="stmt"/>
        <line num="40" count="70" type="stmt"/>
        <line num="41" count="200" type="stmt"/>
        <line num="43" count="70" type="cond" truecount="1" falsecount="0"/>
        <line num="46" count="12" type="stmt"/>
        <line num="56" count="200" type="stmt"/>
        <line num="57" count="200" type="stmt"/>
        <line num="58" count="58" type="stmt"/>
        <line num="59" count="58" type="stmt"/>
        <line num="60" count="58" type="stmt"/>
        <line num="62" count="58" type="stmt"/>
        <line num="74" count="12" type="stmt"/>
        <line num="75" count="12" type="stmt"/>
        <line num="77" count="12" type="stmt"/>
        <line num="78" count="43" type="cond" truecount="2" falsecount="0"/>
        <line num="83" count="51" type="stmt"/>
        <line num="90" count="51" type="cond" truecount="1" falsecount="0"/>
        <line num="91" count="51" type="cond" truecount="1" falsecount="0"/>
        <line num="93" count="51" type="stmt"/>
        <line num="97" count="10" type="stmt"/>
        <line num="98" count="10" type="stmt"/>
        <line num="100" count="10" type="cond" truecount="1" falsecount="0"/>
        <line num="103" count="6" type="stmt"/>
        <line num="113" count="10" type="stmt"/>
        <line num="114" count="4" type="stmt"/>
        <line num="115" count="10" type="stmt"/>
        <line num="116" count="4" type="stmt"/>
        <line num="117" count="4" type="stmt"/>
        <line num="118" count="4" type="stmt"/>
        <line num="120" count="4" type="stmt"/>
        <line num="132" count="5" type="stmt"/>
        <line num="133" count="5" type="stmt"/>
        <line num="135" count="5" type="stmt"/>
        <line num="136" count="6" type="cond" truecount="2" falsecount="0"/>
      </file>
      <file name="NetworkRepository.ts" path="C:\Users\Utente\Desktop\PersonalStudy\projects\geocontrol\src\repositories\NetworkRepository.ts">
        <metrics statements="27" coveredstatements="27" conditionals="3" coveredconditionals="3" methods="11" coveredmethods="11"/>
        <line num="1" count="22" type="stmt"/>
        <line num="3" count="22" type="stmt"/>
        <line num="4" count="22" type="stmt"/>
        <line num="6" count="22" type="stmt"/>
        <line num="10" count="222" type="stmt"/>
        <line num="14" count="9" type="stmt"/>
        <line num="22" count="170" type="stmt"/>
        <line num="24" count="3" type="stmt"/>
        <line num="28" count="167" type="stmt"/>
        <line num="36" count="220" type="stmt"/>
        <line num="38" count="195" type="stmt"/>
        <line num="43" count="11" type="stmt"/>
        <line num="45" count="8" type="stmt"/>
        <line num="50" count="8" type="cond" truecount="1" falsecount="0"/>
        <line num="51" count="7" type="stmt"/>
        <line num="53" count="1" type="stmt"/>
        <line num="58" count="7" type="stmt"/>
        <line num="59" count="7" type="stmt"/>
        <line num="60" count="7" type="cond" truecount="2" falsecount="0"/>
        <line num="61" count="6" type="stmt"/>
        <line num="62" count="6" type="stmt"/>
        <line num="63" count="2" type="stmt"/>
        <line num="65" count="6" type="stmt"/>
        <line num="66" count="6" type="stmt"/>
        <line num="68" count="1" type="stmt"/>
        <line num="71" count="7" type="stmt"/>
        <line num="78" count="21" type="stmt"/>
      </file>
      <file name="SensorRepository.ts" path="C:\Users\Utente\Desktop\PersonalStudy\projects\geocontrol\src\repositories\SensorRepository.ts">
        <metrics statements="40" coveredstatements="40" conditionals="5" coveredconditionals="5" methods="10" coveredmethods="10"/>
        <line num="1" count="20" type="stmt"/>
        <line num="4" count="20" type="stmt"/>
        <line num="5" count="20" type="stmt"/>
        <line num="6" count="20" type="stmt"/>
        <line num="7" count="20" type="stmt"/>
        <line num="9" count="20" type="stmt"/>
        <line num="13" count="282" type="stmt"/>
        <line num="17" count="10" type="stmt"/>
        <line num="18" count="10" type="stmt"/>
        <line num="19" count="10" type="cond" truecount="1" falsecount="0"/>
        <line num="21" count="9" type="stmt"/>
        <line num="32" count="130" type="stmt"/>
        <line num="34" count="3" type="stmt"/>
        <line num="37" count="127" type="stmt"/>
        <line num="45" count="127" type="stmt"/>
        <line num="49" count="138" type="stmt"/>
        <line num="51" count="122" type="stmt"/>
        <line num="64" count="11" type="stmt"/>
        <line num="66" count="9" type="stmt"/>
        <line num="71" count="9" type="cond" truecount="1" falsecount="0"/>
        <line num="72" count="8" type="stmt"/>
        <line num="74" count="1" type="stmt"/>
        <line num="79" count="8" type="stmt"/>
        <line num="80" count="8" type="stmt"/>
        <line num="81" count="8" type="stmt"/>
        <line num="82" count="8" type="stmt"/>
        <line num="84" count="8" type="stmt"/>
        <line num="85" count="8" type="stmt"/>
        <line num="86" count="8" type="cond" truecount="1" falsecount="0"/>
        <line num="87" count="7" type="cond" truecount="2" falsecount="0"/>
        <line num="88" count="6" type="stmt"/>
        <line num="89" count="6" type="stmt"/>
        <line num="90" count="6" type="stmt"/>
        <line num="91" count="1" type="stmt"/>
        <line num="93" count="6" type="stmt"/>
        <line num="94" count="6" type="stmt"/>
        <line num="96" count="1" type="stmt"/>
        <line num="97" count="1" type="stmt"/>
        <line num="99" count="7" type="stmt"/>
        <line num="106" count="15" type="stmt"/>
      </file>
      <file name="UserRepository.ts" path="C:\Users\Utente\Desktop\PersonalStudy\projects\geocontrol\src\repositories\UserRepository.ts">
        <metrics statements="12" coveredstatements="12" conditionals="0" coveredconditionals="0" methods="7" coveredmethods="7"/>
        <line num="1" count="28" type="stmt"/>
        <line num="3" count="28" type="stmt"/>
        <line num="5" count="28" type="stmt"/>
        <line num="7" count="28" type="stmt"/>
        <line num="11" count="917" type="stmt"/>
        <line num="15" count="4" type="stmt"/>
        <line num="19" count="752" type="stmt"/>
        <line num="21" count="746" type="stmt"/>
        <line num="31" count="441" type="stmt"/>
        <line num="33" count="2" type="stmt"/>
        <line num="37" count="439" type="stmt"/>
        <line num="45" count="5" type="stmt"/>
      </file>
    </package>
    <package name="src.routes">
      <metrics statements="165" coveredstatements="165" conditionals="0" coveredconditionals="0" methods="27" coveredmethods="27"/>
      <file name="authenticationRoutes.ts" path="C:\Users\Utente\Desktop\PersonalStudy\projects\geocontrol\src\routes\authenticationRoutes.ts">
        <metrics statements="9" coveredstatements="9" conditionals="0" coveredconditionals="0" methods="1" coveredmethods="1"/>
        <line num="1" count="16" type="stmt"/>
        <line num="2" count="16" type="stmt"/>
        <line num="3" count="16" type="stmt"/>
        <line num="5" count="16" type="stmt"/>
        <line num="8" count="16" type="stmt"/>
        <line num="9" count="4" type="stmt"/>
        <line num="10" count="4" type="stmt"/>
        <line num="12" count="3" type="stmt"/>
        <line num="16" count="16" type="stmt"/>
      </file>
      <file name="gatewayRoutes.ts" path="C:\Users\Utente\Desktop\PersonalStudy\projects\geocontrol\src\routes\gatewayRoutes.ts">
        <metrics statements="30" coveredstatements="30" conditionals="0" coveredconditionals="0" methods="5" coveredmethods="5"/>
        <line num="1" count="16" type="stmt"/>
        <line num="2" count="16" type="stmt"/>
        <line num="3" count="16" type="stmt"/>
        <line num="4" count="16" type="stmt"/>
        <line num="11" count="16" type="stmt"/>
        <line num="13" count="16" type="stmt"/>
        <line num="16" count="16" type="stmt"/>
        <line num="17" count="12" type="stmt"/>
        <line num="18" count="12" type="stmt"/>
        <line num="20" count="3" type="stmt"/>
        <line num="25" count="16" type="stmt"/>
        <line num="26" count="136" type="stmt"/>
        <line num="27" count="136" type="stmt"/>
        <line num="28" count="132" type="stmt"/>
        <line num="30" count="4" type="stmt"/>
        <line num="35" count="16" type="stmt"/>
        <line num="36" count="14" type="stmt"/>
        <line num="37" count="14" type="stmt"/>
        <line num="39" count="7" type="stmt"/>
        <line num="44" count="16" type="stmt"/>
        <line num="45" count="10" type="stmt"/>
        <line num="46" count="10" type="stmt"/>
        <line num="47" count="6" type="stmt"/>
        <line num="49" count="4" type="stmt"/>
        <line num="54" count="16" type="stmt"/>
        <line num="55" count="14" type="stmt"/>
        <line num="56" count="14" type="stmt"/>
        <line num="57" count="11" type="stmt"/>
        <line num="59" count="3" type="stmt"/>
        <line num="63" count="16" type="stmt"/>
      </file>
      <file name="measurementRoutes.ts" path="C:\Users\Utente\Desktop\PersonalStudy\projects\geocontrol\src\routes\measurementRoutes.ts">
        <metrics statements="41" coveredstatements="41" conditionals="0" coveredconditionals="0" methods="7" coveredmethods="7"/>
        <line num="1" count="16" type="stmt"/>
        <line num="2" count="16" type="stmt"/>
        <line num="3" count="16" type="stmt"/>
        <line num="4" count="16" type="stmt"/>
        <line num="14" count="16" type="stmt"/>
        <line num="17" count="16" type="stmt"/>
        <line num="18" count="84" type="stmt"/>
        <line num="19" count="84" type="stmt"/>
        <line num="20" count="78" type="stmt"/>
        <line num="22" count="6" type="stmt"/>
        <line num="27" count="16" type="stmt"/>
        <line num="28" count="23" type="stmt"/>
        <line num="29" count="23" type="stmt"/>
        <line num="30" count="23" type="stmt"/>
        <line num="32" count="10" type="stmt"/>
        <line num="37" count="16" type="stmt"/>
        <line num="38" count="15" type="stmt"/>
        <line num="39" count="15" type="stmt"/>
        <line num="40" count="15" type="stmt"/>
        <line num="42" count="8" type="stmt"/>
        <line num="47" count="16" type="stmt"/>
        <line num="48" count="15" type="stmt"/>
        <line num="49" count="15" type="stmt"/>
        <line num="50" count="15" type="stmt"/>
        <line num="52" count="8" type="stmt"/>
        <line num="57" count="16" type="stmt"/>
        <line num="61" count="23" type="stmt"/>
        <line num="62" count="23" type="stmt"/>
        <line num="63" count="23" type="stmt"/>
        <line num="71" count="4" type="stmt"/>
        <line num="76" count="16" type="stmt"/>
        <line num="80" count="14" type="stmt"/>
        <line num="81" count="14" type="stmt"/>
        <line num="82" count="14" type="stmt"/>
        <line num="90" count="4" type="stmt"/>
        <line num="95" count="16" type="stmt"/>
        <line num="99" count="14" type="stmt"/>
        <line num="100" count="14" type="stmt"/>
        <line num="101" count="14" type="stmt"/>
        <line num="109" count="4" type="stmt"/>
        <line num="113" count="16" type="stmt"/>
      </file>
      <file name="networkRoutes.ts" path="C:\Users\Utente\Desktop\PersonalStudy\projects\geocontrol\src\routes\networkRoutes.ts">
        <metrics statements="30" coveredstatements="30" conditionals="0" coveredconditionals="0" methods="5" coveredmethods="5"/>
        <line num="1" count="16" type="stmt"/>
        <line num="2" count="16" type="stmt"/>
        <line num="3" count="16" type="stmt"/>
        <line num="4" count="16" type="stmt"/>
        <line num="11" count="16" type="stmt"/>
        <line num="13" count="16" type="stmt"/>
        <line num="16" count="16" type="stmt"/>
        <line num="17" count="9" type="stmt"/>
        <line num="18" count="9" type="stmt"/>
        <line num="20" count="1" type="stmt"/>
        <line num="25" count="16" type="stmt"/>
        <line num="26" count="161" type="stmt"/>
        <line num="27" count="161" type="stmt"/>
        <line num="28" count="159" type="stmt"/>
        <line num="30" count="2" type="stmt"/>
        <line num="35" count="16" type="stmt"/>
        <line num="36" count="24" type="stmt"/>
        <line num="37" count="24" type="stmt"/>
        <line num="39" count="11" type="stmt"/>
        <line num="44" count="16" type="stmt"/>
        <line num="45" count="9" type="stmt"/>
        <line num="46" count="9" type="stmt"/>
        <line num="47" count="6" type="stmt"/>
        <line num="49" count="3" type="stmt"/>
        <line num="54" count="16" type="stmt"/>
        <line num="55" count="14" type="stmt"/>
        <line num="56" count="14" type="stmt"/>
        <line num="57" count="12" type="stmt"/>
        <line num="59" count="2" type="stmt"/>
        <line num="63" count="16" type="stmt"/>
      </file>
      <file name="sensorRoutes.ts" path="C:\Users\Utente\Desktop\PersonalStudy\projects\geocontrol\src\routes\sensorRoutes.ts">
        <metrics statements="30" coveredstatements="30" conditionals="0" coveredconditionals="0" methods="5" coveredmethods="5"/>
        <line num="1" count="16" type="stmt"/>
        <line num="2" count="16" type="stmt"/>
        <line num="3" count="16" type="stmt"/>
        <line num="4" count="16" type="stmt"/>
        <line num="11" count="16" type="stmt"/>
        <line num="13" count="16" type="stmt"/>
        <line num="16" count="16" type="stmt"/>
        <line num="17" count="14" type="stmt"/>
        <line num="18" count="14" type="stmt"/>
        <line num="20" count="5" type="stmt"/>
        <line num="25" count="16" type="stmt"/>
        <line num="26" count="132" type="stmt"/>
        <line num="27" count="132" type="stmt"/>
        <line num="28" count="126" type="stmt"/>
        <line num="30" count="6" type="stmt"/>
        <line num="35" count="16" type="stmt"/>
        <line num="36" count="19" type="stmt"/>
        <line num="37" count="19" type="stmt"/>
        <line num="39" count="10" type="stmt"/>
        <line num="44" count="16" type="stmt"/>
        <line num="45" count="12" type="stmt"/>
        <line num="46" count="12" type="stmt"/>
        <line num="47" count="6" type="stmt"/>
        <line num="49" count="6" type="stmt"/>
        <line num="54" count="16" type="stmt"/>
        <line num="55" count="16" type="stmt"/>
        <line num="56" count="16" type="stmt"/>
        <line num="57" count="11" type="stmt"/>
        <line num="59" count="5" type="stmt"/>
        <line num="63" count="16" type="stmt"/>
      </file>
      <file name="userRoutes.ts" path="C:\Users\Utente\Desktop\PersonalStudy\projects\geocontrol\src\routes\userRoutes.ts">
        <metrics statements="25" coveredstatements="25" conditionals="0" coveredconditionals="0" methods="4" coveredmethods="4"/>
        <line num="1" count="16" type="stmt"/>
        <line num="2" count="16" type="stmt"/>
        <line num="3" count="16" type="stmt"/>
        <line num="4" count="16" type="stmt"/>
        <line num="10" count="16" type="stmt"/>
        <line num="12" count="16" type="stmt"/>
        <line num="15" count="16" type="stmt"/>
        <line num="16" count="4" type="stmt"/>
        <line num="17" count="4" type="stmt"/>
        <line num="19" count="1" type="stmt"/>
        <line num="24" count="16" type="stmt"/>
        <line num="25" count="5" type="stmt"/>
        <line num="26" count="5" type="stmt"/>
        <line num="27" count="3" type="stmt"/>
        <line num="29" count="2" type="stmt"/>
        <line num="34" count="16" type="stmt"/>
        <line num="38" count="5" type="stmt"/>
        <line num="39" count="5" type="stmt"/>
        <line num="41" count="2" type="stmt"/>
        <line num="47" count="16" type="stmt"/>
        <line num="51" count="5" type="stmt"/>
        <line num="52" count="5" type="stmt"/>
        <line num="53" count="3" type="stmt"/>
        <line num="55" count="2" type="stmt"/>
        <line num="60" count="16" type="stmt"/>
      </file>
    </package>
    <package name="src.services">
      <metrics statements="79" coveredstatements="79" conditionals="25" coveredconditionals="25" methods="30" coveredmethods="30"/>
      <file name="authService.ts" path="C:\Users\Utente\Desktop\PersonalStudy\projects\geocontrol\src\services\authService.ts">
        <metrics statements="24" coveredstatements="24" conditionals="11" coveredconditionals="11" methods="4" coveredmethods="4"/>
        <line num="1" count="19" type="stmt"/>
        <line num="2" count="19" type="stmt"/>
        <line num="5" count="19" type="stmt"/>
        <line num="7" count="19" type="stmt"/>
        <line num="8" count="19" type="stmt"/>
        <line num="9" count="19" type="stmt"/>
        <line num="11" count="19" type="stmt"/>
        <line num="12" count="405" type="stmt"/>
        <line num="15" count="19" type="stmt"/>
        <line num="20" count="773" type="stmt"/>
        <line num="22" count="746" type="stmt"/>
        <line num="23" count="746" type="stmt"/>
        <line num="25" count="1" type="stmt"/>
        <line num="30" count="745" type="cond" truecount="3" falsecount="0"/>
        <line num="31" count="12" type="stmt"/>
        <line num="36" count="773" type="stmt"/>
        <line num="37" count="773" type="stmt"/>
        <line num="39" count="27" type="cond" truecount="2" falsecount="0"/>
        <line num="46" count="773" type="cond" truecount="1" falsecount="0"/>
        <line num="47" count="1" type="stmt"/>
        <line num="50" count="772" type="stmt"/>
        <line num="51" count="772" type="cond" truecount="3" falsecount="0"/>
        <line num="52" count="8" type="stmt"/>
        <line num="55" count="764" type="stmt"/>
      </file>
      <file name="errorService.ts" path="C:\Users\Utente\Desktop\PersonalStudy\projects\geocontrol\src\services\errorService.ts">
        <metrics statements="10" coveredstatements="10" conditionals="8" coveredconditionals="8" methods="1" coveredmethods="1"/>
        <line num="2" count="17" type="stmt"/>
        <line num="3" count="17" type="stmt"/>
        <line num="4" count="17" type="stmt"/>
        <line num="6" count="17" type="stmt"/>
        <line num="7" count="221" type="stmt"/>
        <line num="13" count="221" type="stmt"/>
        <line num="14" count="221" type="stmt"/>
        <line num="18" count="221" type="cond" truecount="1" falsecount="0"/>
        <line num="22" count="193" type="stmt"/>
        <line num="25" count="221" type="stmt"/>
      </file>
      <file name="mapperService.ts" path="C:\Users\Utente\Desktop\PersonalStudy\projects\geocontrol\src\services\mapperService.ts">
        <metrics statements="23" coveredstatements="23" conditionals="4" coveredconditionals="4" methods="12" coveredmethods="12"/>
        <line num="14" count="28" type="stmt"/>
        <line num="19" count="411" type="stmt"/>
        <line num="26" count="28" type="stmt"/>
        <line num="27" count="2" type="stmt"/>
        <line num="32" count="28" type="stmt"/>
        <line num="37" count="14" type="stmt"/>
        <line num="44" count="28" type="stmt"/>
        <line num="45" count="11" type="stmt"/>
        <line num="48" count="28" type="stmt"/>
        <line num="54" count="13" type="stmt"/>
        <line num="62" count="28" type="stmt"/>
        <line num="63" count="13" type="stmt"/>
        <line num="66" count="28" type="stmt"/>
        <line num="72" count="124" type="stmt"/>
        <line num="80" count="28" type="stmt"/>
        <line num="81" count="124" type="stmt"/>
        <line num="89" count="28" type="stmt"/>
        <line num="97" count="120" type="stmt"/>
        <line num="107" count="28" type="stmt"/>
        <line num="108" count="120" type="stmt"/>
        <line num="119" count="28" type="stmt"/>
        <line num="120" count="685" type="stmt"/>
        <line num="123" count="2549" type="cond" truecount="4" falsecount="0"/>
      </file>
      <file name="measurementService.ts" path="C:\Users\Utente\Desktop\PersonalStudy\projects\geocontrol\src\services\measurementService.ts">
        <metrics statements="10" coveredstatements="10" conditionals="2" coveredconditionals="2" methods="8" coveredmethods="8"/>
        <line num="1" count="18" type="stmt"/>
        <line num="3" count="18" type="stmt"/>
        <line num="7" count="21" type="cond" truecount="2" falsecount="0"/>
        <line num="11" count="311" type="stmt"/>
        <line num="15" count="12" type="stmt"/>
        <line num="19" count="54" type="stmt"/>
        <line num="23" count="7" type="stmt"/>
        <line num="27" count="36" type="stmt"/>
        <line num="31" count="1" type="stmt"/>
        <line num="35" count="1" type="stmt"/>
      </file>
      <file name="networkService.ts" path="C:\Users\Utente\Desktop\PersonalStudy\projects\geocontrol\src\services\networkService.ts">
        <metrics statements="12" coveredstatements="12" conditionals="0" coveredconditionals="0" methods="5" coveredmethods="5"/>
        <line num="1" count="17" type="stmt"/>
        <line num="4" count="17" type="stmt"/>
        <line num="6" count="17" type="stmt"/>
        <line num="7" count="1" type="stmt"/>
        <line num="10" count="17" type="stmt"/>
        <line num="11" count="177" type="stmt"/>
        <line num="14" count="17" type="stmt"/>
        <line num="15" count="1" type="stmt"/>
        <line num="18" count="17" type="stmt"/>
        <line num="19" count="1" type="stmt"/>
        <line num="22" count="17" type="stmt"/>
        <line num="23" count="1" type="stmt"/>
      </file>
    </package>
  </project>
</coverage>
