{"C:\\Users\\Utente\\Desktop\\PersonalStudy\\projects\\geocontrol\\src\\app.ts": {"path":"C:\\Users\\Utente\\Desktop\\PersonalStudy\\projects\\geocontrol\\src\\app.ts","statementMap":{"0":{"start":{"line":1,"column":0},"end":{"line":1,"column":30}},"1":{"start":{"line":2,"column":0},"end":{"line":2,"column":43}},"2":{"start":{"line":3,"column":0},"end":{"line":3,"column":26}},"3":{"start":{"line":4,"column":0},"end":{"line":4,"column":33}},"4":{"start":{"line":5,"column":0},"end":{"line":5,"column":60}},"5":{"start":{"line":6,"column":0},"end":{"line":6,"column":64}},"6":{"start":{"line":7,"column":0},"end":{"line":7,"column":44}},"7":{"start":{"line":8,"column":0},"end":{"line":8,"column":50}},"8":{"start":{"line":9,"column":0},"end":{"line":9,"column":48}},"9":{"start":{"line":10,"column":0},"end":{"line":10,"column":58}},"10":{"start":{"line":11,"column":0},"end":{"line":11,"column":50}},"11":{"start":{"line":12,"column":0},"end":{"line":12,"column":24}},"12":{"start":{"line":13,"column":0},"end":{"line":13,"column":75}},"13":{"start":{"line":14,"column":13},"end":{"line":14,"column":29}},"14":{"start":{"line":16,"column":0},"end":{"line":16,"column":24}},"15":{"start":{"line":17,"column":0},"end":{"line":17,"column":16}},"16":{"start":{"line":19,"column":0},"end":{"line":23,"column":2}},"17":{"start":{"line":25,"column":0},"end":{"line":31,"column":2}},"18":{"start":{"line":33,"column":0},"end":{"line":33,"column":53}},"19":{"start":{"line":34,"column":0},"end":{"line":34,"column":44}},"20":{"start":{"line":35,"column":0},"end":{"line":35,"column":50}},"21":{"start":{"line":36,"column":0},"end":{"line":36,"column":50}},"22":{"start":{"line":37,"column":0},"end":{"line":37,"column":48}},"23":{"start":{"line":38,"column":0},"end":{"line":38,"column":60}},"24":{"start":{"line":41,"column":0},"end":{"line":41,"column":22}}},"fnMap":{},"branchMap":{},"s":{"0":16,"1":16,"2":16,"3":16,"4":16,"5":16,"6":16,"7":16,"8":16,"9":16,"10":16,"11":16,"12":16,"13":16,"14":16,"15":16,"16":16,"17":16,"18":16,"19":16,"20":16,"21":16,"22":16,"23":16,"24":16},"f":{},"b":{}}
,"C:\\Users\\Utente\\Desktop\\PersonalStudy\\projects\\geocontrol\\src\\utils.ts": {"path":"C:\\Users\\Utente\\Desktop\\PersonalStudy\\projects\\geocontrol\\src\\utils.ts","statementMap":{"0":{"start":{"line":5,"column":0},"end":{"line":5,"column":16}},"1":{"start":{"line":17,"column":0},"end":{"line":17,"column":16}},"2":{"start":{"line":27,"column":0},"end":{"line":27,"column":16}},"3":{"start":{"line":34,"column":0},"end":{"line":34,"column":16}},"4":{"start":{"line":1,"column":0},"end":{"line":1,"column":61}},"5":{"start":{"line":2,"column":0},"end":{"line":2,"column":61}},"6":{"start":{"line":3,"column":0},"end":{"line":3,"column":45}},"7":{"start":{"line":10,"column":15},"end":{"line":10,"column":36}},"8":{"start":{"line":11,"column":2},"end":{"line":13,"column":3}},"9":{"start":{"line":12,"column":4},"end":{"line":12,"column":42}},"10":{"start":{"line":14,"column":2},"end":{"line":14,"column":14}},"11":{"start":{"line":22,"column":2},"end":{"line":24,"column":3}},"12":{"start":{"line":23,"column":4},"end":{"line":23,"column":42}},"13":{"start":{"line":28,"column":2},"end":{"line":28,"column":50}},"14":{"start":{"line":28,"column":33},"end":{"line":28,"column":50}},"15":{"start":{"line":30,"column":15},"end":{"line":30,"column":50}},"16":{"start":{"line":31,"column":2},"end":{"line":31,"column":62}},"17":{"start":{"line":35,"column":2},"end":{"line":42,"column":3}},"18":{"start":{"line":36,"column":4},"end":{"line":41,"column":31}},"19":{"start":{"line":37,"column":19},"end":{"line":37,"column":56}},"20":{"start":{"line":40,"column":18},"end":{"line":40,"column":26}},"21":{"start":{"line":41,"column":21},"end":{"line":41,"column":29}},"22":{"start":{"line":44,"column":2},"end":{"line":49,"column":3}},"23":{"start":{"line":45,"column":4},"end":{"line":48,"column":31}},"24":{"start":{"line":47,"column":18},"end":{"line":47,"column":26}},"25":{"start":{"line":48,"column":21},"end":{"line":48,"column":29}},"26":{"start":{"line":51,"column":2},"end":{"line":51,"column":19}}},"fnMap":{"0":{"name":"findOrThrowNotFound","decl":{"start":{"line":5,"column":16},"end":{"line":5,"column":35}},"loc":{"start":{"line":8,"column":22},"end":{"line":15,"column":1}}},"1":{"name":"throwConflictIfFound","decl":{"start":{"line":17,"column":16},"end":{"line":17,"column":36}},"loc":{"start":{"line":20,"column":22},"end":{"line":25,"column":1}}},"2":{"name":"parseISODateParamToUTC","decl":{"start":{"line":27,"column":16},"end":{"line":27,"column":38}},"loc":{"start":{"line":27,"column":53},"end":{"line":32,"column":1}}},"3":{"name":"parseStringArrayParam","decl":{"start":{"line":34,"column":16},"end":{"line":34,"column":37}},"loc":{"start":{"line":34,"column":53},"end":{"line":52,"column":1}}},"4":{"name":"(anonymous_4)","decl":{"start":{"line":37,"column":11},"end":{"line":37,"column":12}},"loc":{"start":{"line":37,"column":19},"end":{"line":37,"column":56}}},"5":{"name":"(anonymous_5)","decl":{"start":{"line":40,"column":11},"end":{"line":40,"column":12}},"loc":{"start":{"line":40,"column":18},"end":{"line":40,"column":26}}},"6":{"name":"(anonymous_6)","decl":{"start":{"line":41,"column":14},"end":{"line":41,"column":15}},"loc":{"start":{"line":41,"column":21},"end":{"line":41,"column":29}}},"7":{"name":"(anonymous_7)","decl":{"start":{"line":47,"column":11},"end":{"line":47,"column":12}},"loc":{"start":{"line":47,"column":18},"end":{"line":47,"column":26}}},"8":{"name":"(anonymous_8)","decl":{"start":{"line":48,"column":14},"end":{"line":48,"column":15}},"loc":{"start":{"line":48,"column":21},"end":{"line":48,"column":29}}}},"branchMap":{"0":{"loc":{"start":{"line":11,"column":2},"end":{"line":13,"column":3}},"type":"if","locations":[{"start":{"line":11,"column":2},"end":{"line":13,"column":3}}]},"1":{"loc":{"start":{"line":22,"column":2},"end":{"line":24,"column":3}},"type":"if","locations":[{"start":{"line":22,"column":2},"end":{"line":24,"column":3}}]},"2":{"loc":{"start":{"line":28,"column":2},"end":{"line":28,"column":50}},"type":"if","locations":[{"start":{"line":28,"column":2},"end":{"line":28,"column":50}}]},"3":{"loc":{"start":{"line":31,"column":9},"end":{"line":31,"column":61}},"type":"cond-expr","locations":[{"start":{"line":31,"column":25},"end":{"line":31,"column":49}},{"start":{"line":31,"column":52},"end":{"line":31,"column":61}}]},"4":{"loc":{"start":{"line":35,"column":2},"end":{"line":42,"column":3}},"type":"if","locations":[{"start":{"line":35,"column":2},"end":{"line":42,"column":3}}]},"5":{"loc":{"start":{"line":37,"column":19},"end":{"line":37,"column":56}},"type":"cond-expr","locations":[{"start":{"line":37,"column":43},"end":{"line":37,"column":51}},{"start":{"line":37,"column":54},"end":{"line":37,"column":56}}]},"6":{"loc":{"start":{"line":44,"column":2},"end":{"line":49,"column":3}},"type":"if","locations":[{"start":{"line":44,"column":2},"end":{"line":49,"column":3}}]}},"s":{"0":46,"1":46,"2":46,"3":46,"4":46,"5":46,"6":46,"7":1620,"8":1620,"9":70,"10":1550,"11":904,"12":14,"13":15,"14":9,"15":6,"16":6,"17":10,"18":4,"19":15,"20":15,"21":15,"22":6,"23":3,"24":12,"25":12,"26":3},"f":{"0":1620,"1":904,"2":15,"3":10,"4":15,"5":15,"6":15,"7":12,"8":12},"b":{"0":[70],"1":[14],"2":[9],"3":[5,1],"4":[4],"5":[11,4],"6":[3]}}
,"C:\\Users\\Utente\\Desktop\\PersonalStudy\\projects\\geocontrol\\src\\controllers\\authController.ts": {"path":"C:\\Users\\Utente\\Desktop\\PersonalStudy\\projects\\geocontrol\\src\\controllers\\authController.ts","statementMap":{"0":{"start":{"line":8,"column":0},"end":{"line":8,"column":7}},"1":{"start":{"line":2,"column":0},"end":{"line":2,"column":62}},"2":{"start":{"line":4,"column":0},"end":{"line":4,"column":62}},"3":{"start":{"line":5,"column":0},"end":{"line":5,"column":54}},"4":{"start":{"line":6,"column":0},"end":{"line":6,"column":72}},"5":{"start":{"line":9,"column":19},"end":{"line":9,"column":39}},"6":{"start":{"line":10,"column":18},"end":{"line":10,"column":68}},"7":{"start":{"line":11,"column":2},"end":{"line":13,"column":3}},"8":{"start":{"line":12,"column":4},"end":{"line":12,"column":52}},"9":{"start":{"line":14,"column":2},"end":{"line":18,"column":4}}},"fnMap":{"0":{"name":"getToken","decl":{"start":{"line":8,"column":22},"end":{"line":8,"column":30}},"loc":{"start":{"line":8,"column":47},"end":{"line":19,"column":1}}}},"branchMap":{"0":{"loc":{"start":{"line":11,"column":2},"end":{"line":13,"column":3}},"type":"if","locations":[{"start":{"line":11,"column":2},"end":{"line":13,"column":3}}]}},"s":{"0":17,"1":17,"2":17,"3":17,"4":17,"5":2,"6":2,"7":2,"8":1,"9":1},"f":{"0":2},"b":{"0":[1]}}
,"C:\\Users\\Utente\\Desktop\\PersonalStudy\\projects\\geocontrol\\src\\controllers\\gatewayController.ts": {"path":"C:\\Users\\Utente\\Desktop\\PersonalStudy\\projects\\geocontrol\\src\\controllers\\gatewayController.ts","statementMap":{"0":{"start":{"line":6,"column":0},"end":{"line":6,"column":7}},"1":{"start":{"line":14,"column":0},"end":{"line":14,"column":7}},"2":{"start":{"line":27,"column":0},"end":{"line":27,"column":7}},"3":{"start":{"line":37,"column":0},"end":{"line":37,"column":7}},"4":{"start":{"line":48,"column":0},"end":{"line":48,"column":7}},"5":{"start":{"line":2,"column":0},"end":{"line":2,"column":68}},"6":{"start":{"line":3,"column":0},"end":{"line":3,"column":61}},"7":{"start":{"line":4,"column":0},"end":{"line":4,"column":61}},"8":{"start":{"line":7,"column":22},"end":{"line":7,"column":45}},"9":{"start":{"line":8,"column":19},"end":{"line":8,"column":74}},"10":{"start":{"line":11,"column":2},"end":{"line":11,"column":64}},"11":{"start":{"line":11,"column":34},"end":{"line":11,"column":61}},"12":{"start":{"line":15,"column":22},"end":{"line":15,"column":45}},"13":{"start":{"line":16,"column":18},"end":{"line":16,"column":70}},"14":{"start":{"line":19,"column":2},"end":{"line":21,"column":3}},"15":{"start":{"line":20,"column":4},"end":{"line":20,"column":110}},"16":{"start":{"line":24,"column":2},"end":{"line":24,"column":37}},"17":{"start":{"line":28,"column":22},"end":{"line":28,"column":45}},"18":{"start":{"line":29,"column":2},"end":{"line":34,"column":4}},"19":{"start":{"line":38,"column":22},"end":{"line":38,"column":45}},"20":{"start":{"line":39,"column":2},"end":{"line":45,"column":4}},"21":{"start":{"line":49,"column":22},"end":{"line":49,"column":45}},"22":{"start":{"line":50,"column":2},"end":{"line":50,"column":59}}},"fnMap":{"0":{"name":"getGatewaysByNetwork","decl":{"start":{"line":6,"column":22},"end":{"line":6,"column":42}},"loc":{"start":{"line":6,"column":62},"end":{"line":12,"column":1}}},"1":{"name":"(anonymous_1)","decl":{"start":{"line":11,"column":22},"end":{"line":11,"column":29}},"loc":{"start":{"line":11,"column":34},"end":{"line":11,"column":61}}},"2":{"name":"getGatewayByMac","decl":{"start":{"line":14,"column":22},"end":{"line":14,"column":37}},"loc":{"start":{"line":14,"column":78},"end":{"line":25,"column":1}}},"3":{"name":"createGateway","decl":{"start":{"line":27,"column":22},"end":{"line":27,"column":35}},"loc":{"start":{"line":27,"column":79},"end":{"line":35,"column":1}}},"4":{"name":"updateGateway","decl":{"start":{"line":37,"column":22},"end":{"line":37,"column":35}},"loc":{"start":{"line":37,"column":109},"end":{"line":46,"column":1}}},"5":{"name":"deleteGateway","decl":{"start":{"line":48,"column":22},"end":{"line":48,"column":35}},"loc":{"start":{"line":48,"column":75},"end":{"line":51,"column":1}}}},"branchMap":{"0":{"loc":{"start":{"line":19,"column":2},"end":{"line":21,"column":3}},"type":"if","locations":[{"start":{"line":19,"column":2},"end":{"line":21,"column":3}}]},"1":{"loc":{"start":{"line":19,"column":6},"end":{"line":19,"column":58}},"type":"binary-expr","locations":[{"start":{"line":19,"column":6},"end":{"line":19,"column":17}},{"start":{"line":19,"column":21},"end":{"line":19,"column":58}}]}},"s":{"0":18,"1":18,"2":18,"3":18,"4":18,"5":18,"6":18,"7":18,"8":10,"9":10,"10":9,"11":9,"12":127,"13":127,"14":116,"15":1,"16":115,"17":134,"18":134,"19":9,"20":9,"21":13,"22":13},"f":{"0":10,"1":9,"2":127,"3":134,"4":9,"5":13},"b":{"0":[1],"1":[116,7]}}
,"C:\\Users\\Utente\\Desktop\\PersonalStudy\\projects\\geocontrol\\src\\controllers\\measurementController.ts": {"path":"C:\\Users\\Utente\\Desktop\\PersonalStudy\\projects\\geocontrol\\src\\controllers\\measurementController.ts","statementMap":{"0":{"start":{"line":13,"column":0},"end":{"line":13,"column":7}},"1":{"start":{"line":34,"column":0},"end":{"line":34,"column":7}},"2":{"start":{"line":85,"column":0},"end":{"line":85,"column":7}},"3":{"start":{"line":105,"column":0},"end":{"line":105,"column":7}},"4":{"start":{"line":141,"column":0},"end":{"line":141,"column":7}},"5":{"start":{"line":198,"column":0},"end":{"line":198,"column":7}},"6":{"start":{"line":245,"column":0},"end":{"line":245,"column":7}},"7":{"start":{"line":1,"column":0},"end":{"line":1,"column":66}},"8":{"start":{"line":3,"column":0},"end":{"line":3,"column":54}},"9":{"start":{"line":5,"column":0},"end":{"line":5,"column":60}},"10":{"start":{"line":6,"column":0},"end":{"line":6,"column":65}},"11":{"start":{"line":7,"column":0},"end":{"line":7,"column":63}},"12":{"start":{"line":8,"column":0},"end":{"line":8,"column":61}},"13":{"start":{"line":9,"column":0},"end":{"line":9,"column":48}},"14":{"start":{"line":11,"column":13},"end":{"line":11,"column":59}},"15":{"start":{"line":14,"column":2},"end":{"line":31,"column":3}},"16":{"start":{"line":16,"column":4},"end":{"line":16,"column":40}},"17":{"start":{"line":17,"column":4},"end":{"line":17,"column":38}},"18":{"start":{"line":18,"column":4},"end":{"line":18,"column":61}},"19":{"start":{"line":20,"column":4},"end":{"line":26,"column":5}},"20":{"start":{"line":21,"column":6},"end":{"line":25,"column":8}},"21":{"start":{"line":28,"column":4},"end":{"line":28,"column":48}},"22":{"start":{"line":28,"column":38},"end":{"line":28,"column":48}},"23":{"start":{"line":29,"column":4},"end":{"line":29,"column":48}},"24":{"start":{"line":29,"column":38},"end":{"line":29,"column":48}},"25":{"start":{"line":30,"column":4},"end":{"line":30,"column":60}},"26":{"start":{"line":35,"column":2},"end":{"line":82,"column":3}},"27":{"start":{"line":37,"column":4},"end":{"line":37,"column":40}},"28":{"start":{"line":38,"column":4},"end":{"line":38,"column":38}},"29":{"start":{"line":39,"column":4},"end":{"line":39,"column":61}},"30":{"start":{"line":41,"column":25},"end":{"line":44,"column":null}},"31":{"start":{"line":47,"column":4},"end":{"line":57,"column":5}},"32":{"start":{"line":49,"column":6},"end":{"line":56,"column":8}},"33":{"start":{"line":59,"column":18},"end":{"line":62,"column":null}},"34":{"start":{"line":65,"column":31},"end":{"line":71,"column":7}},"35":{"start":{"line":65,"column":61},"end":{"line":71,"column":6}},"36":{"start":{"line":73,"column":4},"end":{"line":77,"column":6}},"37":{"start":{"line":79,"column":4},"end":{"line":79,"column":48}},"38":{"start":{"line":79,"column":38},"end":{"line":79,"column":48}},"39":{"start":{"line":80,"column":4},"end":{"line":80,"column":48}},"40":{"start":{"line":80,"column":38},"end":{"line":80,"column":48}},"41":{"start":{"line":81,"column":4},"end":{"line":81,"column":60}},"42":{"start":{"line":86,"column":2},"end":{"line":102,"column":3}},"43":{"start":{"line":88,"column":4},"end":{"line":88,"column":40}},"44":{"start":{"line":89,"column":4},"end":{"line":89,"column":38}},"45":{"start":{"line":90,"column":4},"end":{"line":90,"column":61}},"46":{"start":{"line":92,"column":18},"end":{"line":95,"column":null}},"47":{"start":{"line":97,"column":4},"end":{"line":97,"column":17}},"48":{"start":{"line":99,"column":4},"end":{"line":99,"column":48}},"49":{"start":{"line":99,"column":38},"end":{"line":99,"column":48}},"50":{"start":{"line":100,"column":4},"end":{"line":100,"column":48}},"51":{"start":{"line":100,"column":38},"end":{"line":100,"column":48}},"52":{"start":{"line":101,"column":4},"end":{"line":101,"column":60}},"53":{"start":{"line":106,"column":2},"end":{"line":138,"column":3}},"54":{"start":{"line":108,"column":4},"end":{"line":108,"column":40}},"55":{"start":{"line":109,"column":4},"end":{"line":109,"column":38}},"56":{"start":{"line":110,"column":4},"end":{"line":110,"column":61}},"57":{"start":{"line":112,"column":21},"end":{"line":115,"column":null}},"58":{"start":{"line":119,"column":18},"end":{"line":122,"column":null}},"59":{"start":{"line":125,"column":4},"end":{"line":133,"column":6}},"60":{"start":{"line":128,"column":45},"end":{"line":132,"column":8}},"61":{"start":{"line":135,"column":4},"end":{"line":135,"column":48}},"62":{"start":{"line":135,"column":38},"end":{"line":135,"column":48}},"63":{"start":{"line":136,"column":4},"end":{"line":136,"column":48}},"64":{"start":{"line":136,"column":38},"end":{"line":136,"column":48}},"65":{"start":{"line":137,"column":4},"end":{"line":137,"column":60}},"66":{"start":{"line":142,"column":2},"end":{"line":195,"column":3}},"67":{"start":{"line":143,"column":4},"end":{"line":143,"column":40}},"68":{"start":{"line":144,"column":25},"end":{"line":147,"column":null}},"69":{"start":{"line":150,"column":4},"end":{"line":164,"column":5}},"70":{"start":{"line":151,"column":22},"end":{"line":151,"column":103}},"71":{"start":{"line":151,"column":68},"end":{"line":151,"column":102}},"72":{"start":{"line":151,"column":92},"end":{"line":151,"column":101}},"73":{"start":{"line":152,"column":6},"end":{"line":163,"column":10}},"74":{"start":{"line":152,"column":36},"end":{"line":163,"column":8}},"75":{"start":{"line":166,"column":52},"end":{"line":166,"column":54}},"76":{"start":{"line":167,"column":4},"end":{"line":171,"column":5}},"77":{"start":{"line":168,"column":18},"end":{"line":168,"column":37}},"78":{"start":{"line":169,"column":6},"end":{"line":169,"column":43}},"79":{"start":{"line":169,"column":25},"end":{"line":169,"column":43}},"80":{"start":{"line":170,"column":6},"end":{"line":170,"column":27}},"81":{"start":{"line":172,"column":19},"end":{"line":189,"column":7}},"82":{"start":{"line":173,"column":20},"end":{"line":175,"column":null}},"83":{"start":{"line":177,"column":33},"end":{"line":183,"column":9}},"84":{"start":{"line":177,"column":53},"end":{"line":183,"column":8}},"85":{"start":{"line":184,"column":6},"end":{"line":188,"column":8}},"86":{"start":{"line":190,"column":4},"end":{"line":190,"column":18}},"87":{"start":{"line":192,"column":4},"end":{"line":192,"column":48}},"88":{"start":{"line":192,"column":38},"end":{"line":192,"column":48}},"89":{"start":{"line":193,"column":4},"end":{"line":193,"column":48}},"90":{"start":{"line":193,"column":38},"end":{"line":193,"column":48}},"91":{"start":{"line":194,"column":4},"end":{"line":194,"column":60}},"92":{"start":{"line":199,"column":2},"end":{"line":242,"column":3}},"93":{"start":{"line":200,"column":4},"end":{"line":200,"column":40}},"94":{"start":{"line":201,"column":25},"end":{"line":204,"column":null}},"95":{"start":{"line":206,"column":4},"end":{"line":220,"column":5}},"96":{"start":{"line":207,"column":22},"end":{"line":207,"column":103}},"97":{"start":{"line":207,"column":68},"end":{"line":207,"column":102}},"98":{"start":{"line":207,"column":92},"end":{"line":207,"column":101}},"99":{"start":{"line":208,"column":6},"end":{"line":219,"column":10}},"100":{"start":{"line":208,"column":36},"end":{"line":219,"column":8}},"101":{"start":{"line":221,"column":52},"end":{"line":221,"column":54}},"102":{"start":{"line":222,"column":4},"end":{"line":226,"column":5}},"103":{"start":{"line":223,"column":18},"end":{"line":223,"column":37}},"104":{"start":{"line":224,"column":6},"end":{"line":224,"column":43}},"105":{"start":{"line":224,"column":25},"end":{"line":224,"column":43}},"106":{"start":{"line":225,"column":6},"end":{"line":225,"column":27}},"107":{"start":{"line":227,"column":19},"end":{"line":236,"column":7}},"108":{"start":{"line":228,"column":20},"end":{"line":230,"column":null}},"109":{"start":{"line":232,"column":6},"end":{"line":235,"column":8}},"110":{"start":{"line":237,"column":4},"end":{"line":237,"column":18}},"111":{"start":{"line":239,"column":4},"end":{"line":239,"column":48}},"112":{"start":{"line":239,"column":38},"end":{"line":239,"column":48}},"113":{"start":{"line":240,"column":4},"end":{"line":240,"column":48}},"114":{"start":{"line":240,"column":38},"end":{"line":240,"column":48}},"115":{"start":{"line":241,"column":4},"end":{"line":241,"column":60}},"116":{"start":{"line":246,"column":2},"end":{"line":301,"column":3}},"117":{"start":{"line":247,"column":4},"end":{"line":247,"column":40}},"118":{"start":{"line":248,"column":25},"end":{"line":251,"column":null}},"119":{"start":{"line":254,"column":6},"end":{"line":268,"column":5}},"120":{"start":{"line":255,"column":22},"end":{"line":255,"column":103}},"121":{"start":{"line":255,"column":68},"end":{"line":255,"column":102}},"122":{"start":{"line":255,"column":92},"end":{"line":255,"column":101}},"123":{"start":{"line":256,"column":6},"end":{"line":267,"column":10}},"124":{"start":{"line":256,"column":36},"end":{"line":267,"column":8}},"125":{"start":{"line":270,"column":52},"end":{"line":270,"column":54}},"126":{"start":{"line":271,"column":4},"end":{"line":275,"column":5}},"127":{"start":{"line":272,"column":18},"end":{"line":272,"column":37}},"128":{"start":{"line":273,"column":6},"end":{"line":273,"column":43}},"129":{"start":{"line":273,"column":25},"end":{"line":273,"column":43}},"130":{"start":{"line":274,"column":6},"end":{"line":274,"column":27}},"131":{"start":{"line":276,"column":19},"end":{"line":295,"column":7}},"132":{"start":{"line":277,"column":20},"end":{"line":279,"column":null}},"133":{"start":{"line":281,"column":23},"end":{"line":289,"column":9}},"134":{"start":{"line":282,"column":8},"end":{"line":284,"column":17}},"135":{"start":{"line":285,"column":25},"end":{"line":289,"column":8}},"136":{"start":{"line":290,"column":6},"end":{"line":294,"column":8}},"137":{"start":{"line":296,"column":4},"end":{"line":296,"column":18}},"138":{"start":{"line":298,"column":4},"end":{"line":298,"column":48}},"139":{"start":{"line":298,"column":38},"end":{"line":298,"column":48}},"140":{"start":{"line":299,"column":4},"end":{"line":299,"column":48}},"141":{"start":{"line":299,"column":38},"end":{"line":299,"column":48}},"142":{"start":{"line":300,"column":4},"end":{"line":300,"column":60}}},"fnMap":{"0":{"name":"recordMeasurement","decl":{"start":{"line":13,"column":22},"end":{"line":13,"column":39}},"loc":{"start":{"line":13,"column":132},"end":{"line":32,"column":1}}},"1":{"name":"getMeasurementsBySensor","decl":{"start":{"line":34,"column":22},"end":{"line":34,"column":45}},"loc":{"start":{"line":34,"column":142},"end":{"line":83,"column":1}}},"2":{"name":"(anonymous_2)","decl":{"start":{"line":65,"column":48},"end":{"line":65,"column":49}},"loc":{"start":{"line":65,"column":61},"end":{"line":71,"column":6}}},"3":{"name":"getStatisticsBySensor","decl":{"start":{"line":85,"column":22},"end":{"line":85,"column":43}},"loc":{"start":{"line":85,"column":140},"end":{"line":103,"column":1}}},"4":{"name":"getOutliersBySensor","decl":{"start":{"line":105,"column":22},"end":{"line":105,"column":41}},"loc":{"start":{"line":105,"column":138},"end":{"line":139,"column":1}}},"5":{"name":"(anonymous_5)","decl":{"start":{"line":128,"column":33},"end":{"line":128,"column":40}},"loc":{"start":{"line":128,"column":45},"end":{"line":132,"column":8}}},"6":{"name":"getMeasurementsByNetwork","decl":{"start":{"line":141,"column":22},"end":{"line":141,"column":46}},"loc":{"start":{"line":141,"column":104},"end":{"line":196,"column":1}}},"7":{"name":"(anonymous_7)","decl":{"start":{"line":151,"column":63},"end":{"line":151,"column":64}},"loc":{"start":{"line":151,"column":68},"end":{"line":151,"column":102}}},"8":{"name":"(anonymous_8)","decl":{"start":{"line":151,"column":87},"end":{"line":151,"column":88}},"loc":{"start":{"line":151,"column":92},"end":{"line":151,"column":101}}},"9":{"name":"(anonymous_9)","decl":{"start":{"line":152,"column":25},"end":{"line":152,"column":31}},"loc":{"start":{"line":152,"column":36},"end":{"line":163,"column":8}}},"10":{"name":"(anonymous_10)","decl":{"start":{"line":172,"column":65},"end":{"line":172,"column":70}},"loc":{"start":{"line":172,"column":91},"end":{"line":189,"column":5}}},"11":{"name":"(anonymous_11)","decl":{"start":{"line":177,"column":40},"end":{"line":177,"column":41}},"loc":{"start":{"line":177,"column":53},"end":{"line":183,"column":8}}},"12":{"name":"getStatisticsByNetwork","decl":{"start":{"line":198,"column":22},"end":{"line":198,"column":44}},"loc":{"start":{"line":198,"column":102},"end":{"line":243,"column":1}}},"13":{"name":"(anonymous_13)","decl":{"start":{"line":207,"column":63},"end":{"line":207,"column":64}},"loc":{"start":{"line":207,"column":68},"end":{"line":207,"column":102}}},"14":{"name":"(anonymous_14)","decl":{"start":{"line":207,"column":87},"end":{"line":207,"column":88}},"loc":{"start":{"line":207,"column":92},"end":{"line":207,"column":101}}},"15":{"name":"(anonymous_15)","decl":{"start":{"line":208,"column":25},"end":{"line":208,"column":31}},"loc":{"start":{"line":208,"column":36},"end":{"line":219,"column":8}}},"16":{"name":"(anonymous_16)","decl":{"start":{"line":227,"column":65},"end":{"line":227,"column":70}},"loc":{"start":{"line":227,"column":91},"end":{"line":236,"column":5}}},"17":{"name":"getOutliersByNetwork","decl":{"start":{"line":245,"column":22},"end":{"line":245,"column":42}},"loc":{"start":{"line":245,"column":100},"end":{"line":302,"column":1}}},"18":{"name":"(anonymous_18)","decl":{"start":{"line":255,"column":63},"end":{"line":255,"column":64}},"loc":{"start":{"line":255,"column":68},"end":{"line":255,"column":102}}},"19":{"name":"(anonymous_19)","decl":{"start":{"line":255,"column":87},"end":{"line":255,"column":88}},"loc":{"start":{"line":255,"column":92},"end":{"line":255,"column":101}}},"20":{"name":"(anonymous_20)","decl":{"start":{"line":256,"column":25},"end":{"line":256,"column":31}},"loc":{"start":{"line":256,"column":36},"end":{"line":267,"column":8}}},"21":{"name":"(anonymous_21)","decl":{"start":{"line":276,"column":65},"end":{"line":276,"column":70}},"loc":{"start":{"line":276,"column":91},"end":{"line":295,"column":5}}},"22":{"name":"(anonymous_22)","decl":{"start":{"line":281,"column":33},"end":{"line":281,"column":34}},"loc":{"start":{"line":282,"column":8},"end":{"line":284,"column":17}}},"23":{"name":"(anonymous_23)","decl":{"start":{"line":285,"column":12},"end":{"line":285,"column":13}},"loc":{"start":{"line":285,"column":25},"end":{"line":289,"column":8}}}},"branchMap":{"0":{"loc":{"start":{"line":28,"column":4},"end":{"line":28,"column":48}},"type":"if","locations":[{"start":{"line":28,"column":4},"end":{"line":28,"column":48}}]},"1":{"loc":{"start":{"line":29,"column":4},"end":{"line":29,"column":48}},"type":"if","locations":[{"start":{"line":29,"column":4},"end":{"line":29,"column":48}}]},"2":{"loc":{"start":{"line":30,"column":20},"end":{"line":30,"column":58}},"type":"binary-expr","locations":[{"start":{"line":30,"column":20},"end":{"line":30,"column":31}},{"start":{"line":30,"column":35},"end":{"line":30,"column":58}}]},"3":{"loc":{"start":{"line":43,"column":6},"end":{"line":43,"column":49}},"type":"cond-expr","locations":[{"start":{"line":43,"column":18},"end":{"line":43,"column":37}},{"start":{"line":43,"column":40},"end":{"line":43,"column":49}}]},"4":{"loc":{"start":{"line":44,"column":6},"end":{"line":44,"column":45}},"type":"cond-expr","locations":[{"start":{"line":44,"column":16},"end":{"line":44,"column":33}},{"start":{"line":44,"column":36},"end":{"line":44,"column":45}}]},"5":{"loc":{"start":{"line":47,"column":4},"end":{"line":57,"column":5}},"type":"if","locations":[{"start":{"line":47,"column":4},"end":{"line":57,"column":5}}]},"6":{"loc":{"start":{"line":47,"column":8},"end":{"line":47,"column":50}},"type":"binary-expr","locations":[{"start":{"line":47,"column":8},"end":{"line":47,"column":21}},{"start":{"line":47,"column":25},"end":{"line":47,"column":50}}]},"7":{"loc":{"start":{"line":61,"column":6},"end":{"line":61,"column":49}},"type":"cond-expr","locations":[{"start":{"line":61,"column":18},"end":{"line":61,"column":37}},{"start":{"line":61,"column":40},"end":{"line":61,"column":49}}]},"8":{"loc":{"start":{"line":62,"column":6},"end":{"line":62,"column":45}},"type":"cond-expr","locations":[{"start":{"line":62,"column":16},"end":{"line":62,"column":33}},{"start":{"line":62,"column":36},"end":{"line":62,"column":45}}]},"9":{"loc":{"start":{"line":68,"column":17},"end":{"line":70,"column":19}},"type":"cond-expr","locations":[{"start":{"line":69,"column":11},"end":{"line":69,"column":75}},{"start":{"line":70,"column":10},"end":{"line":70,"column":19}}]},"10":{"loc":{"start":{"line":68,"column":18},"end":{"line":68,"column":102}},"type":"binary-expr","locations":[{"start":{"line":68,"column":18},"end":{"line":68,"column":58}},{"start":{"line":68,"column":62},"end":{"line":68,"column":102}}]},"11":{"loc":{"start":{"line":69,"column":11},"end":{"line":69,"column":75}},"type":"binary-expr","locations":[{"start":{"line":69,"column":11},"end":{"line":69,"column":41}},{"start":{"line":69,"column":45},"end":{"line":69,"column":75}}]},"12":{"loc":{"start":{"line":79,"column":4},"end":{"line":79,"column":48}},"type":"if","locations":[{"start":{"line":79,"column":4},"end":{"line":79,"column":48}}]},"13":{"loc":{"start":{"line":80,"column":4},"end":{"line":80,"column":48}},"type":"if","locations":[{"start":{"line":80,"column":4},"end":{"line":80,"column":48}}]},"14":{"loc":{"start":{"line":81,"column":20},"end":{"line":81,"column":58}},"type":"binary-expr","locations":[{"start":{"line":81,"column":20},"end":{"line":81,"column":31}},{"start":{"line":81,"column":35},"end":{"line":81,"column":58}}]},"15":{"loc":{"start":{"line":94,"column":6},"end":{"line":94,"column":49}},"type":"cond-expr","locations":[{"start":{"line":94,"column":18},"end":{"line":94,"column":37}},{"start":{"line":94,"column":40},"end":{"line":94,"column":49}}]},"16":{"loc":{"start":{"line":95,"column":6},"end":{"line":95,"column":45}},"type":"cond-expr","locations":[{"start":{"line":95,"column":16},"end":{"line":95,"column":33}},{"start":{"line":95,"column":36},"end":{"line":95,"column":45}}]},"17":{"loc":{"start":{"line":99,"column":4},"end":{"line":99,"column":48}},"type":"if","locations":[{"start":{"line":99,"column":4},"end":{"line":99,"column":48}}]},"18":{"loc":{"start":{"line":100,"column":4},"end":{"line":100,"column":48}},"type":"if","locations":[{"start":{"line":100,"column":4},"end":{"line":100,"column":48}}]},"19":{"loc":{"start":{"line":101,"column":20},"end":{"line":101,"column":58}},"type":"binary-expr","locations":[{"start":{"line":101,"column":20},"end":{"line":101,"column":31}},{"start":{"line":101,"column":35},"end":{"line":101,"column":58}}]},"20":{"loc":{"start":{"line":114,"column":6},"end":{"line":114,"column":49}},"type":"cond-expr","locations":[{"start":{"line":114,"column":18},"end":{"line":114,"column":37}},{"start":{"line":114,"column":40},"end":{"line":114,"column":49}}]},"21":{"loc":{"start":{"line":115,"column":6},"end":{"line":115,"column":45}},"type":"cond-expr","locations":[{"start":{"line":115,"column":16},"end":{"line":115,"column":33}},{"start":{"line":115,"column":36},"end":{"line":115,"column":45}}]},"22":{"loc":{"start":{"line":121,"column":6},"end":{"line":121,"column":49}},"type":"cond-expr","locations":[{"start":{"line":121,"column":18},"end":{"line":121,"column":37}},{"start":{"line":121,"column":40},"end":{"line":121,"column":49}}]},"23":{"loc":{"start":{"line":122,"column":6},"end":{"line":122,"column":45}},"type":"cond-expr","locations":[{"start":{"line":122,"column":16},"end":{"line":122,"column":33}},{"start":{"line":122,"column":36},"end":{"line":122,"column":45}}]},"24":{"loc":{"start":{"line":135,"column":4},"end":{"line":135,"column":48}},"type":"if","locations":[{"start":{"line":135,"column":4},"end":{"line":135,"column":48}}]},"25":{"loc":{"start":{"line":136,"column":4},"end":{"line":136,"column":48}},"type":"if","locations":[{"start":{"line":136,"column":4},"end":{"line":136,"column":48}}]},"26":{"loc":{"start":{"line":137,"column":20},"end":{"line":137,"column":58}},"type":"binary-expr","locations":[{"start":{"line":137,"column":20},"end":{"line":137,"column":31}},{"start":{"line":137,"column":35},"end":{"line":137,"column":58}}]},"27":{"loc":{"start":{"line":146,"column":6},"end":{"line":146,"column":49}},"type":"cond-expr","locations":[{"start":{"line":146,"column":18},"end":{"line":146,"column":37}},{"start":{"line":146,"column":40},"end":{"line":146,"column":49}}]},"28":{"loc":{"start":{"line":147,"column":6},"end":{"line":147,"column":45}},"type":"cond-expr","locations":[{"start":{"line":147,"column":16},"end":{"line":147,"column":33}},{"start":{"line":147,"column":36},"end":{"line":147,"column":45}}]},"29":{"loc":{"start":{"line":150,"column":4},"end":{"line":164,"column":5}},"type":"if","locations":[{"start":{"line":150,"column":4},"end":{"line":164,"column":5}}]},"30":{"loc":{"start":{"line":150,"column":8},"end":{"line":150,"column":50}},"type":"binary-expr","locations":[{"start":{"line":150,"column":8},"end":{"line":150,"column":21}},{"start":{"line":150,"column":25},"end":{"line":150,"column":50}}]},"31":{"loc":{"start":{"line":159,"column":21},"end":{"line":159,"column":78}},"type":"cond-expr","locations":[{"start":{"line":159,"column":33},"end":{"line":159,"column":66}},{"start":{"line":159,"column":69},"end":{"line":159,"column":78}}]},"32":{"loc":{"start":{"line":160,"column":19},"end":{"line":160,"column":72}},"type":"cond-expr","locations":[{"start":{"line":160,"column":29},"end":{"line":160,"column":60}},{"start":{"line":160,"column":63},"end":{"line":160,"column":72}}]},"33":{"loc":{"start":{"line":169,"column":6},"end":{"line":169,"column":43}},"type":"if","locations":[{"start":{"line":169,"column":6},"end":{"line":169,"column":43}}]},"34":{"loc":{"start":{"line":174,"column":8},"end":{"line":174,"column":51}},"type":"cond-expr","locations":[{"start":{"line":174,"column":20},"end":{"line":174,"column":39}},{"start":{"line":174,"column":42},"end":{"line":174,"column":51}}]},"35":{"loc":{"start":{"line":175,"column":8},"end":{"line":175,"column":47}},"type":"cond-expr","locations":[{"start":{"line":175,"column":18},"end":{"line":175,"column":35}},{"start":{"line":175,"column":38},"end":{"line":175,"column":47}}]},"36":{"loc":{"start":{"line":180,"column":19},"end":{"line":182,"column":21}},"type":"cond-expr","locations":[{"start":{"line":181,"column":13},"end":{"line":181,"column":77}},{"start":{"line":182,"column":12},"end":{"line":182,"column":21}}]},"37":{"loc":{"start":{"line":180,"column":20},"end":{"line":180,"column":104}},"type":"binary-expr","locations":[{"start":{"line":180,"column":20},"end":{"line":180,"column":60}},{"start":{"line":180,"column":64},"end":{"line":180,"column":104}}]},"38":{"loc":{"start":{"line":181,"column":13},"end":{"line":181,"column":77}},"type":"binary-expr","locations":[{"start":{"line":181,"column":13},"end":{"line":181,"column":43}},{"start":{"line":181,"column":47},"end":{"line":181,"column":77}}]},"39":{"loc":{"start":{"line":192,"column":4},"end":{"line":192,"column":48}},"type":"if","locations":[{"start":{"line":192,"column":4},"end":{"line":192,"column":48}}]},"40":{"loc":{"start":{"line":193,"column":4},"end":{"line":193,"column":48}},"type":"if","locations":[{"start":{"line":193,"column":4},"end":{"line":193,"column":48}}]},"41":{"loc":{"start":{"line":194,"column":20},"end":{"line":194,"column":58}},"type":"binary-expr","locations":[{"start":{"line":194,"column":20},"end":{"line":194,"column":31}},{"start":{"line":194,"column":35},"end":{"line":194,"column":58}}]},"42":{"loc":{"start":{"line":203,"column":6},"end":{"line":203,"column":49}},"type":"cond-expr","locations":[{"start":{"line":203,"column":18},"end":{"line":203,"column":37}},{"start":{"line":203,"column":40},"end":{"line":203,"column":49}}]},"43":{"loc":{"start":{"line":204,"column":6},"end":{"line":204,"column":45}},"type":"cond-expr","locations":[{"start":{"line":204,"column":16},"end":{"line":204,"column":33}},{"start":{"line":204,"column":36},"end":{"line":204,"column":45}}]},"44":{"loc":{"start":{"line":206,"column":4},"end":{"line":220,"column":5}},"type":"if","locations":[{"start":{"line":206,"column":4},"end":{"line":220,"column":5}}]},"45":{"loc":{"start":{"line":206,"column":8},"end":{"line":206,"column":50}},"type":"binary-expr","locations":[{"start":{"line":206,"column":8},"end":{"line":206,"column":21}},{"start":{"line":206,"column":25},"end":{"line":206,"column":50}}]},"46":{"loc":{"start":{"line":215,"column":21},"end":{"line":215,"column":78}},"type":"cond-expr","locations":[{"start":{"line":215,"column":33},"end":{"line":215,"column":66}},{"start":{"line":215,"column":69},"end":{"line":215,"column":78}}]},"47":{"loc":{"start":{"line":216,"column":19},"end":{"line":216,"column":72}},"type":"cond-expr","locations":[{"start":{"line":216,"column":29},"end":{"line":216,"column":60}},{"start":{"line":216,"column":63},"end":{"line":216,"column":72}}]},"48":{"loc":{"start":{"line":224,"column":6},"end":{"line":224,"column":43}},"type":"if","locations":[{"start":{"line":224,"column":6},"end":{"line":224,"column":43}}]},"49":{"loc":{"start":{"line":229,"column":8},"end":{"line":229,"column":51}},"type":"cond-expr","locations":[{"start":{"line":229,"column":20},"end":{"line":229,"column":39}},{"start":{"line":229,"column":42},"end":{"line":229,"column":51}}]},"50":{"loc":{"start":{"line":230,"column":8},"end":{"line":230,"column":47}},"type":"cond-expr","locations":[{"start":{"line":230,"column":18},"end":{"line":230,"column":35}},{"start":{"line":230,"column":38},"end":{"line":230,"column":47}}]},"51":{"loc":{"start":{"line":239,"column":4},"end":{"line":239,"column":48}},"type":"if","locations":[{"start":{"line":239,"column":4},"end":{"line":239,"column":48}}]},"52":{"loc":{"start":{"line":240,"column":4},"end":{"line":240,"column":48}},"type":"if","locations":[{"start":{"line":240,"column":4},"end":{"line":240,"column":48}}]},"53":{"loc":{"start":{"line":241,"column":20},"end":{"line":241,"column":58}},"type":"binary-expr","locations":[{"start":{"line":241,"column":20},"end":{"line":241,"column":31}},{"start":{"line":241,"column":35},"end":{"line":241,"column":58}}]},"54":{"loc":{"start":{"line":250,"column":6},"end":{"line":250,"column":49}},"type":"cond-expr","locations":[{"start":{"line":250,"column":18},"end":{"line":250,"column":37}},{"start":{"line":250,"column":40},"end":{"line":250,"column":49}}]},"55":{"loc":{"start":{"line":251,"column":6},"end":{"line":251,"column":45}},"type":"cond-expr","locations":[{"start":{"line":251,"column":16},"end":{"line":251,"column":33}},{"start":{"line":251,"column":36},"end":{"line":251,"column":45}}]},"56":{"loc":{"start":{"line":254,"column":6},"end":{"line":268,"column":5}},"type":"if","locations":[{"start":{"line":254,"column":6},"end":{"line":268,"column":5}}]},"57":{"loc":{"start":{"line":254,"column":10},"end":{"line":254,"column":52}},"type":"binary-expr","locations":[{"start":{"line":254,"column":10},"end":{"line":254,"column":23}},{"start":{"line":254,"column":27},"end":{"line":254,"column":52}}]},"58":{"loc":{"start":{"line":263,"column":21},"end":{"line":263,"column":78}},"type":"cond-expr","locations":[{"start":{"line":263,"column":33},"end":{"line":263,"column":66}},{"start":{"line":263,"column":69},"end":{"line":263,"column":78}}]},"59":{"loc":{"start":{"line":264,"column":19},"end":{"line":264,"column":72}},"type":"cond-expr","locations":[{"start":{"line":264,"column":29},"end":{"line":264,"column":60}},{"start":{"line":264,"column":63},"end":{"line":264,"column":72}}]},"60":{"loc":{"start":{"line":273,"column":6},"end":{"line":273,"column":43}},"type":"if","locations":[{"start":{"line":273,"column":6},"end":{"line":273,"column":43}}]},"61":{"loc":{"start":{"line":278,"column":8},"end":{"line":278,"column":51}},"type":"cond-expr","locations":[{"start":{"line":278,"column":20},"end":{"line":278,"column":39}},{"start":{"line":278,"column":42},"end":{"line":278,"column":51}}]},"62":{"loc":{"start":{"line":279,"column":8},"end":{"line":279,"column":47}},"type":"cond-expr","locations":[{"start":{"line":279,"column":18},"end":{"line":279,"column":35}},{"start":{"line":279,"column":38},"end":{"line":279,"column":47}}]},"63":{"loc":{"start":{"line":282,"column":8},"end":{"line":284,"column":17}},"type":"cond-expr","locations":[{"start":{"line":283,"column":13},"end":{"line":283,"column":77}},{"start":{"line":284,"column":12},"end":{"line":284,"column":17}}]},"64":{"loc":{"start":{"line":282,"column":9},"end":{"line":282,"column":93}},"type":"binary-expr","locations":[{"start":{"line":282,"column":9},"end":{"line":282,"column":49}},{"start":{"line":282,"column":53},"end":{"line":282,"column":93}}]},"65":{"loc":{"start":{"line":283,"column":13},"end":{"line":283,"column":77}},"type":"binary-expr","locations":[{"start":{"line":283,"column":13},"end":{"line":283,"column":43}},{"start":{"line":283,"column":47},"end":{"line":283,"column":77}}]},"66":{"loc":{"start":{"line":298,"column":4},"end":{"line":298,"column":48}},"type":"if","locations":[{"start":{"line":298,"column":4},"end":{"line":298,"column":48}}]},"67":{"loc":{"start":{"line":299,"column":4},"end":{"line":299,"column":48}},"type":"if","locations":[{"start":{"line":299,"column":4},"end":{"line":299,"column":48}}]},"68":{"loc":{"start":{"line":300,"column":20},"end":{"line":300,"column":58}},"type":"binary-expr","locations":[{"start":{"line":300,"column":20},"end":{"line":300,"column":31}},{"start":{"line":300,"column":35},"end":{"line":300,"column":58}}]}},"s":{"0":17,"1":17,"2":17,"3":17,"4":17,"5":17,"6":17,"7":17,"8":17,"9":17,"10":17,"11":17,"12":17,"13":17,"14":17,"15":83,"16":83,"17":81,"18":81,"19":80,"20":314,"21":5,"22":3,"23":2,"24":1,"25":1,"26":25,"27":25,"28":23,"29":21,"30":19,"31":17,"32":5,"33":12,"34":12,"35":18,"36":12,"37":8,"38":6,"39":2,"40":1,"41":1,"42":16,"43":16,"44":14,"45":12,"46":10,"47":8,"48":8,"49":6,"50":2,"51":1,"52":1,"53":16,"54":16,"55":14,"56":12,"57":10,"58":8,"59":8,"60":5,"61":8,"62":6,"63":2,"64":1,"65":1,"66":27,"67":27,"68":25,"69":23,"70":5,"71":5,"72":4,"73":5,"74":6,"75":18,"76":18,"77":56,"78":56,"79":22,"80":56,"81":18,"82":22,"83":22,"84":56,"85":22,"86":18,"87":4,"88":2,"89":2,"90":1,"91":1,"92":16,"93":16,"94":14,"95":14,"96":5,"97":5,"98":4,"99":5,"100":4,"101":9,"102":9,"103":22,"104":22,"105":13,"106":22,"107":9,"108":13,"109":11,"110":7,"111":4,"112":2,"113":2,"114":1,"115":1,"116":17,"117":17,"118":15,"119":14,"120":4,"121":4,"122":3,"123":4,"124":3,"125":10,"126":10,"127":41,"128":41,"129":12,"130":41,"131":10,"132":12,"133":11,"134":40,"135":5,"136":11,"137":9,"138":4,"139":2,"140":2,"141":1,"142":1},"f":{"0":83,"1":25,"2":18,"3":16,"4":16,"5":5,"6":27,"7":5,"8":4,"9":6,"10":22,"11":56,"12":16,"13":5,"14":4,"15":4,"16":13,"17":17,"18":4,"19":3,"20":3,"21":12,"22":40,"23":5},"b":{"0":[3],"1":[1],"2":[1,1],"3":[5,14],"4":[5,14],"5":[5],"6":[17,17],"7":[3,9],"8":[3,9],"9":[17,1],"10":[18,17],"11":[17,14],"12":[6],"13":[1],"14":[1,1],"15":[1,9],"16":[1,9],"17":[6],"18":[1],"19":[1,1],"20":[1,9],"21":[1,9],"22":[1,7],"23":[1,7],"24":[6],"25":[1],"26":[1,1],"27":[5,20],"28":[5,20],"29":[5],"30":[23,23],"31":[4,2],"32":[4,2],"33":[22],"34":[5,17],"35":[5,17],"36":[55,1],"37":[56,55],"38":[55,49],"39":[2],"40":[1],"41":[1,1],"42":[2,12],"43":[2,12],"44":[5],"45":[14,14],"46":[1,3],"47":[1,3],"48":[13],"49":[1,12],"50":[1,12],"51":[2],"52":[1],"53":[1,1],"54":[2,13],"55":[2,13],"56":[4],"57":[14,14],"58":[1,2],"59":[1,2],"60":[12],"61":[1,11],"62":[1,11],"63":[39,1],"64":[40,39],"65":[39,34],"66":[2],"67":[1],"68":[1,1]}}
,"C:\\Users\\Utente\\Desktop\\PersonalStudy\\projects\\geocontrol\\src\\controllers\\networkController.ts": {"path":"C:\\Users\\Utente\\Desktop\\PersonalStudy\\projects\\geocontrol\\src\\controllers\\networkController.ts","statementMap":{"0":{"start":{"line":5,"column":0},"end":{"line":5,"column":7}},"1":{"start":{"line":10,"column":0},"end":{"line":10,"column":7}},"2":{"start":{"line":15,"column":0},"end":{"line":15,"column":7}},"3":{"start":{"line":20,"column":0},"end":{"line":20,"column":7}},"4":{"start":{"line":25,"column":0},"end":{"line":25,"column":7}},"5":{"start":{"line":2,"column":0},"end":{"line":2,"column":68}},"6":{"start":{"line":3,"column":0},"end":{"line":3,"column":61}},"7":{"start":{"line":6,"column":22},"end":{"line":6,"column":45}},"8":{"start":{"line":7,"column":2},"end":{"line":7,"column":44}},"9":{"start":{"line":11,"column":22},"end":{"line":11,"column":45}},"10":{"start":{"line":12,"column":2},"end":{"line":12,"column":77}},"11":{"start":{"line":16,"column":22},"end":{"line":16,"column":45}},"12":{"start":{"line":17,"column":2},"end":{"line":17,"column":92}},"13":{"start":{"line":21,"column":22},"end":{"line":21,"column":45}},"14":{"start":{"line":22,"column":2},"end":{"line":22,"column":104}},"15":{"start":{"line":26,"column":22},"end":{"line":26,"column":45}},"16":{"start":{"line":27,"column":2},"end":{"line":27,"column":40}}},"fnMap":{"0":{"name":"getAllNetworks","decl":{"start":{"line":5,"column":22},"end":{"line":5,"column":36}},"loc":{"start":{"line":5,"column":36},"end":{"line":8,"column":1}}},"1":{"name":"getNetworkByCode","decl":{"start":{"line":10,"column":22},"end":{"line":10,"column":38}},"loc":{"start":{"line":10,"column":51},"end":{"line":13,"column":1}}},"2":{"name":"createNetwork","decl":{"start":{"line":15,"column":22},"end":{"line":15,"column":35}},"loc":{"start":{"line":15,"column":58},"end":{"line":18,"column":1}}},"3":{"name":"updateNetwork","decl":{"start":{"line":20,"column":22},"end":{"line":20,"column":35}},"loc":{"start":{"line":20,"column":82},"end":{"line":23,"column":1}}},"4":{"name":"deleteNetwork","decl":{"start":{"line":25,"column":22},"end":{"line":25,"column":35}},"loc":{"start":{"line":25,"column":48},"end":{"line":28,"column":1}}}},"branchMap":{},"s":{"0":17,"1":17,"2":17,"3":17,"4":17,"5":17,"6":17,"7":8,"8":8,"9":19,"10":19,"11":160,"12":160,"13":8,"14":8,"15":13,"16":13},"f":{"0":8,"1":19,"2":160,"3":8,"4":13},"b":{}}
,"C:\\Users\\Utente\\Desktop\\PersonalStudy\\projects\\geocontrol\\src\\controllers\\sensorController.ts": {"path":"C:\\Users\\Utente\\Desktop\\PersonalStudy\\projects\\geocontrol\\src\\controllers\\sensorController.ts","statementMap":{"0":{"start":{"line":9,"column":0},"end":{"line":9,"column":7}},"1":{"start":{"line":31,"column":0},"end":{"line":31,"column":7}},"2":{"start":{"line":53,"column":0},"end":{"line":53,"column":7}},"3":{"start":{"line":79,"column":0},"end":{"line":79,"column":7}},"4":{"start":{"line":106,"column":0},"end":{"line":106,"column":7}},"5":{"start":{"line":2,"column":0},"end":{"line":2,"column":66}},"6":{"start":{"line":3,"column":0},"end":{"line":3,"column":42}},"7":{"start":{"line":4,"column":0},"end":{"line":4,"column":52}},"8":{"start":{"line":5,"column":0},"end":{"line":5,"column":52}},"9":{"start":{"line":6,"column":0},"end":{"line":6,"column":61}},"10":{"start":{"line":7,"column":0},"end":{"line":7,"column":60}},"11":{"start":{"line":11,"column":22},"end":{"line":11,"column":61}},"12":{"start":{"line":12,"column":18},"end":{"line":12,"column":68}},"13":{"start":{"line":13,"column":2},"end":{"line":13,"column":88}},"14":{"start":{"line":13,"column":16},"end":{"line":13,"column":88}},"15":{"start":{"line":16,"column":22},"end":{"line":16,"column":61}},"16":{"start":{"line":17,"column":18},"end":{"line":20,"column":4}},"17":{"start":{"line":21,"column":2},"end":{"line":21,"column":94}},"18":{"start":{"line":21,"column":16},"end":{"line":21,"column":94}},"19":{"start":{"line":22,"column":2},"end":{"line":22,"column":150}},"20":{"start":{"line":22,"column":44},"end":{"line":22,"column":150}},"21":{"start":{"line":24,"column":21},"end":{"line":24,"column":43}},"22":{"start":{"line":25,"column":18},"end":{"line":25,"column":70}},"23":{"start":{"line":28,"column":2},"end":{"line":28,"column":60}},"24":{"start":{"line":28,"column":32},"end":{"line":28,"column":57}},"25":{"start":{"line":33,"column":22},"end":{"line":33,"column":61}},"26":{"start":{"line":34,"column":18},"end":{"line":34,"column":68}},"27":{"start":{"line":35,"column":2},"end":{"line":35,"column":88}},"28":{"start":{"line":35,"column":16},"end":{"line":35,"column":88}},"29":{"start":{"line":38,"column":22},"end":{"line":38,"column":61}},"30":{"start":{"line":39,"column":18},"end":{"line":42,"column":4}},"31":{"start":{"line":43,"column":2},"end":{"line":43,"column":94}},"32":{"start":{"line":43,"column":16},"end":{"line":43,"column":94}},"33":{"start":{"line":44,"column":2},"end":{"line":44,"column":150}},"34":{"start":{"line":44,"column":44},"end":{"line":44,"column":150}},"35":{"start":{"line":46,"column":21},"end":{"line":46,"column":43}},"36":{"start":{"line":47,"column":17},"end":{"line":47,"column":67}},"37":{"start":{"line":50,"column":2},"end":{"line":50,"column":35}},"38":{"start":{"line":55,"column":22},"end":{"line":55,"column":61}},"39":{"start":{"line":56,"column":18},"end":{"line":56,"column":68}},"40":{"start":{"line":57,"column":2},"end":{"line":57,"column":88}},"41":{"start":{"line":57,"column":16},"end":{"line":57,"column":88}},"42":{"start":{"line":60,"column":22},"end":{"line":60,"column":61}},"43":{"start":{"line":61,"column":18},"end":{"line":64,"column":4}},"44":{"start":{"line":65,"column":2},"end":{"line":65,"column":94}},"45":{"start":{"line":65,"column":16},"end":{"line":65,"column":94}},"46":{"start":{"line":66,"column":2},"end":{"line":66,"column":150}},"47":{"start":{"line":66,"column":44},"end":{"line":66,"column":150}},"48":{"start":{"line":68,"column":21},"end":{"line":68,"column":43}},"49":{"start":{"line":69,"column":2},"end":{"line":76,"column":4}},"50":{"start":{"line":81,"column":22},"end":{"line":81,"column":61}},"51":{"start":{"line":82,"column":18},"end":{"line":82,"column":68}},"52":{"start":{"line":83,"column":2},"end":{"line":83,"column":88}},"53":{"start":{"line":83,"column":16},"end":{"line":83,"column":88}},"54":{"start":{"line":86,"column":22},"end":{"line":86,"column":61}},"55":{"start":{"line":87,"column":18},"end":{"line":90,"column":4}},"56":{"start":{"line":91,"column":2},"end":{"line":91,"column":94}},"57":{"start":{"line":91,"column":16},"end":{"line":91,"column":94}},"58":{"start":{"line":92,"column":2},"end":{"line":92,"column":150}},"59":{"start":{"line":92,"column":44},"end":{"line":92,"column":150}},"60":{"start":{"line":94,"column":21},"end":{"line":94,"column":43}},"61":{"start":{"line":95,"column":2},"end":{"line":103,"column":4}},"62":{"start":{"line":108,"column":22},"end":{"line":108,"column":61}},"63":{"start":{"line":109,"column":18},"end":{"line":109,"column":68}},"64":{"start":{"line":110,"column":2},"end":{"line":110,"column":88}},"65":{"start":{"line":110,"column":16},"end":{"line":110,"column":88}},"66":{"start":{"line":113,"column":22},"end":{"line":113,"column":61}},"67":{"start":{"line":114,"column":18},"end":{"line":117,"column":4}},"68":{"start":{"line":118,"column":2},"end":{"line":118,"column":94}},"69":{"start":{"line":118,"column":16},"end":{"line":118,"column":94}},"70":{"start":{"line":119,"column":2},"end":{"line":119,"column":150}},"71":{"start":{"line":119,"column":44},"end":{"line":119,"column":150}},"72":{"start":{"line":121,"column":21},"end":{"line":121,"column":43}},"73":{"start":{"line":122,"column":2},"end":{"line":122,"column":44}}},"fnMap":{"0":{"name":"getSensorsByGateway","decl":{"start":{"line":9,"column":22},"end":{"line":9,"column":41}},"loc":{"start":{"line":9,"column":81},"end":{"line":29,"column":1}}},"1":{"name":"(anonymous_1)","decl":{"start":{"line":28,"column":21},"end":{"line":28,"column":27}},"loc":{"start":{"line":28,"column":32},"end":{"line":28,"column":57}}},"2":{"name":"getSensorByMac","decl":{"start":{"line":31,"column":22},"end":{"line":31,"column":36}},"loc":{"start":{"line":31,"column":96},"end":{"line":51,"column":1}}},"3":{"name":"createSensor","decl":{"start":{"line":53,"column":22},"end":{"line":53,"column":34}},"loc":{"start":{"line":53,"column":96},"end":{"line":77,"column":1}}},"4":{"name":"updateSensor","decl":{"start":{"line":79,"column":22},"end":{"line":79,"column":34}},"loc":{"start":{"line":79,"column":127},"end":{"line":104,"column":1}}},"5":{"name":"deleteSensor","decl":{"start":{"line":106,"column":22},"end":{"line":106,"column":34}},"loc":{"start":{"line":106,"column":94},"end":{"line":123,"column":1}}}},"branchMap":{"0":{"loc":{"start":{"line":13,"column":2},"end":{"line":13,"column":88}},"type":"if","locations":[{"start":{"line":13,"column":2},"end":{"line":13,"column":88}}]},"1":{"loc":{"start":{"line":21,"column":2},"end":{"line":21,"column":94}},"type":"if","locations":[{"start":{"line":21,"column":2},"end":{"line":21,"column":94}}]},"2":{"loc":{"start":{"line":22,"column":2},"end":{"line":22,"column":150}},"type":"if","locations":[{"start":{"line":22,"column":2},"end":{"line":22,"column":150}}]},"3":{"loc":{"start":{"line":35,"column":2},"end":{"line":35,"column":88}},"type":"if","locations":[{"start":{"line":35,"column":2},"end":{"line":35,"column":88}}]},"4":{"loc":{"start":{"line":43,"column":2},"end":{"line":43,"column":94}},"type":"if","locations":[{"start":{"line":43,"column":2},"end":{"line":43,"column":94}}]},"5":{"loc":{"start":{"line":44,"column":2},"end":{"line":44,"column":150}},"type":"if","locations":[{"start":{"line":44,"column":2},"end":{"line":44,"column":150}}]},"6":{"loc":{"start":{"line":57,"column":2},"end":{"line":57,"column":88}},"type":"if","locations":[{"start":{"line":57,"column":2},"end":{"line":57,"column":88}}]},"7":{"loc":{"start":{"line":65,"column":2},"end":{"line":65,"column":94}},"type":"if","locations":[{"start":{"line":65,"column":2},"end":{"line":65,"column":94}}]},"8":{"loc":{"start":{"line":66,"column":2},"end":{"line":66,"column":150}},"type":"if","locations":[{"start":{"line":66,"column":2},"end":{"line":66,"column":150}}]},"9":{"loc":{"start":{"line":83,"column":2},"end":{"line":83,"column":88}},"type":"if","locations":[{"start":{"line":83,"column":2},"end":{"line":83,"column":88}}]},"10":{"loc":{"start":{"line":91,"column":2},"end":{"line":91,"column":94}},"type":"if","locations":[{"start":{"line":91,"column":2},"end":{"line":91,"column":94}}]},"11":{"loc":{"start":{"line":92,"column":2},"end":{"line":92,"column":150}},"type":"if","locations":[{"start":{"line":92,"column":2},"end":{"line":92,"column":150}}]},"12":{"loc":{"start":{"line":110,"column":2},"end":{"line":110,"column":88}},"type":"if","locations":[{"start":{"line":110,"column":2},"end":{"line":110,"column":88}}]},"13":{"loc":{"start":{"line":118,"column":2},"end":{"line":118,"column":94}},"type":"if","locations":[{"start":{"line":118,"column":2},"end":{"line":118,"column":94}}]},"14":{"loc":{"start":{"line":119,"column":2},"end":{"line":119,"column":150}},"type":"if","locations":[{"start":{"line":119,"column":2},"end":{"line":119,"column":150}}]}},"s":{"0":18,"1":18,"2":18,"3":18,"4":18,"5":18,"6":18,"7":18,"8":18,"9":18,"10":18,"11":13,"12":13,"13":13,"14":2,"15":11,"16":11,"17":11,"18":1,"19":10,"20":1,"21":9,"22":9,"23":9,"24":10,"25":127,"26":127,"27":127,"28":2,"29":125,"30":125,"31":125,"32":3,"33":122,"34":1,"35":121,"36":121,"37":110,"38":131,"39":131,"40":131,"41":1,"42":130,"43":130,"44":130,"45":2,"46":128,"47":1,"48":127,"49":127,"50":12,"51":12,"52":12,"53":1,"54":11,"55":11,"56":11,"57":3,"58":8,"59":1,"60":7,"61":7,"62":16,"63":16,"64":16,"65":1,"66":15,"67":15,"68":15,"69":2,"70":13,"71":1,"72":12,"73":12},"f":{"0":13,"1":10,"2":127,"3":131,"4":12,"5":16},"b":{"0":[2],"1":[1],"2":[1],"3":[2],"4":[3],"5":[1],"6":[1],"7":[2],"8":[1],"9":[1],"10":[3],"11":[1],"12":[1],"13":[2],"14":[1]}}
,"C:\\Users\\Utente\\Desktop\\PersonalStudy\\projects\\geocontrol\\src\\controllers\\userController.ts": {"path":"C:\\Users\\Utente\\Desktop\\PersonalStudy\\projects\\geocontrol\\src\\controllers\\userController.ts","statementMap":{"0":{"start":{"line":5,"column":0},"end":{"line":5,"column":7}},"1":{"start":{"line":10,"column":0},"end":{"line":10,"column":7}},"2":{"start":{"line":15,"column":0},"end":{"line":15,"column":7}},"3":{"start":{"line":20,"column":0},"end":{"line":20,"column":7}},"4":{"start":{"line":2,"column":0},"end":{"line":2,"column":62}},"5":{"start":{"line":3,"column":0},"end":{"line":3,"column":58}},"6":{"start":{"line":6,"column":19},"end":{"line":6,"column":39}},"7":{"start":{"line":7,"column":2},"end":{"line":7,"column":61}},"8":{"start":{"line":11,"column":19},"end":{"line":11,"column":39}},"9":{"start":{"line":12,"column":2},"end":{"line":12,"column":69}},"10":{"start":{"line":16,"column":19},"end":{"line":16,"column":39}},"11":{"start":{"line":17,"column":2},"end":{"line":17,"column":78}},"12":{"start":{"line":21,"column":19},"end":{"line":21,"column":39}},"13":{"start":{"line":22,"column":2},"end":{"line":22,"column":38}}},"fnMap":{"0":{"name":"getAllUsers","decl":{"start":{"line":5,"column":22},"end":{"line":5,"column":33}},"loc":{"start":{"line":5,"column":33},"end":{"line":8,"column":1}}},"1":{"name":"getUser","decl":{"start":{"line":10,"column":22},"end":{"line":10,"column":29}},"loc":{"start":{"line":10,"column":46},"end":{"line":13,"column":1}}},"2":{"name":"createUser","decl":{"start":{"line":15,"column":22},"end":{"line":15,"column":32}},"loc":{"start":{"line":15,"column":49},"end":{"line":18,"column":1}}},"3":{"name":"deleteUser","decl":{"start":{"line":20,"column":22},"end":{"line":20,"column":32}},"loc":{"start":{"line":20,"column":49},"end":{"line":23,"column":1}}}},"branchMap":{},"s":{"0":17,"1":17,"2":17,"3":17,"4":17,"5":17,"6":2,"7":2,"8":6,"9":6,"10":2,"11":2,"12":2,"13":2},"f":{"0":2,"1":6,"2":2,"3":2},"b":{}}
,"C:\\Users\\Utente\\Desktop\\PersonalStudy\\projects\\geocontrol\\src\\middlewares\\authMiddleware.ts": {"path":"C:\\Users\\Utente\\Desktop\\PersonalStudy\\projects\\geocontrol\\src\\middlewares\\authMiddleware.ts","statementMap":{"0":{"start":{"line":10,"column":0},"end":{"line":10,"column":16}},"1":{"start":{"line":3,"column":0},"end":{"line":3,"column":53}},"2":{"start":{"line":11,"column":2},"end":{"line":22,"column":4}},"3":{"start":{"line":16,"column":4},"end":{"line":21,"column":5}},"4":{"start":{"line":17,"column":6},"end":{"line":17,"column":66}},"5":{"start":{"line":18,"column":6},"end":{"line":18,"column":13}},"6":{"start":{"line":20,"column":6},"end":{"line":20,"column":18}}},"fnMap":{"0":{"name":"authenticateUser","decl":{"start":{"line":10,"column":16},"end":{"line":10,"column":32}},"loc":{"start":{"line":10,"column":62},"end":{"line":23,"column":1}}},"1":{"name":"(anonymous_1)","decl":{"start":{"line":11,"column":9},"end":{"line":11,"column":14}},"loc":{"start":{"line":15,"column":6},"end":{"line":22,"column":3}}}},"branchMap":{"0":{"loc":{"start":{"line":10,"column":33},"end":{"line":10,"column":62}},"type":"default-arg","locations":[{"start":{"line":10,"column":60},"end":{"line":10,"column":62}}]}},"s":{"0":16,"1":16,"2":416,"3":851,"4":851,"5":803,"6":48},"f":{"0":416,"1":851},"b":{"0":[192]}}
,"C:\\Users\\Utente\\Desktop\\PersonalStudy\\projects\\geocontrol\\src\\middlewares\\errorMiddleware.ts": {"path":"C:\\Users\\Utente\\Desktop\\PersonalStudy\\projects\\geocontrol\\src\\middlewares\\errorMiddleware.ts","statementMap":{"0":{"start":{"line":5,"column":0},"end":{"line":5,"column":16}},"1":{"start":{"line":1,"column":0},"end":{"line":1,"column":57}},"2":{"start":{"line":2,"column":0},"end":{"line":2,"column":56}},"3":{"start":{"line":11,"column":29},"end":{"line":11,"column":48}},"4":{"start":{"line":12,"column":2},"end":{"line":12,"column":63}}},"fnMap":{"0":{"name":"errorHandler","decl":{"start":{"line":5,"column":16},"end":{"line":5,"column":28}},"loc":{"start":{"line":9,"column":20},"end":{"line":13,"column":1}}}},"branchMap":{},"s":{"0":16,"1":16,"2":16,"3":217,"4":217},"f":{"0":217},"b":{}}
,"C:\\Users\\Utente\\Desktop\\PersonalStudy\\projects\\geocontrol\\src\\repositories\\GatewayRepository.ts": {"path":"C:\\Users\\Utente\\Desktop\\PersonalStudy\\projects\\geocontrol\\src\\repositories\\GatewayRepository.ts","statementMap":{"0":{"start":{"line":1,"column":0},"end":{"line":1,"column":42}},"1":{"start":{"line":3,"column":0},"end":{"line":3,"column":45}},"2":{"start":{"line":4,"column":0},"end":{"line":4,"column":52}},"3":{"start":{"line":5,"column":0},"end":{"line":5,"column":67}},"4":{"start":{"line":6,"column":0},"end":{"line":6,"column":61}},"5":{"start":{"line":12,"column":4},"end":{"line":12,"column":56}},"6":{"start":{"line":16,"column":24},"end":{"line":16,"column":63}},"7":{"start":{"line":17,"column":20},"end":{"line":17,"column":79}},"8":{"start":{"line":18,"column":4},"end":{"line":18,"column":90}},"9":{"start":{"line":18,"column":18},"end":{"line":18,"column":90}},"10":{"start":{"line":20,"column":4},"end":{"line":20,"column":98}},"11":{"start":{"line":29,"column":2},"end":{"line":33,"column":4}},"12":{"start":{"line":31,"column":10},"end":{"line":31,"column":14}},"13":{"start":{"line":36,"column":22},"end":{"line":36,"column":61}},"14":{"start":{"line":37,"column":18},"end":{"line":37,"column":77}},"15":{"start":{"line":37,"column":80},"end":{"line":37,"column":166}},"16":{"start":{"line":37,"column":94},"end":{"line":37,"column":166}},"17":{"start":{"line":39,"column":18},"end":{"line":44,"column":4}},"18":{"start":{"line":45,"column":2},"end":{"line":45,"column":32}},"19":{"start":{"line":46,"column":2},"end":{"line":49,"column":5}},"20":{"start":{"line":52,"column":4},"end":{"line":56,"column":6}},"21":{"start":{"line":54,"column":12},"end":{"line":54,"column":16}},"22":{"start":{"line":65,"column":21},"end":{"line":68,"column":null}},"23":{"start":{"line":67,"column":10},"end":{"line":67,"column":14}},"24":{"start":{"line":72,"column":2},"end":{"line":78,"column":3}},"25":{"start":{"line":73,"column":4},"end":{"line":77,"column":6}},"26":{"start":{"line":75,"column":12},"end":{"line":75,"column":16}},"27":{"start":{"line":80,"column":2},"end":{"line":80,"column":25}},"28":{"start":{"line":81,"column":2},"end":{"line":81,"column":39}},"29":{"start":{"line":84,"column":22},"end":{"line":84,"column":61}},"30":{"start":{"line":85,"column":18},"end":{"line":85,"column":77}},"31":{"start":{"line":86,"column":2},"end":{"line":86,"column":88}},"32":{"start":{"line":86,"column":16},"end":{"line":86,"column":88}},"33":{"start":{"line":87,"column":2},"end":{"line":99,"column":3}},"34":{"start":{"line":88,"column":4},"end":{"line":88,"column":39}},"35":{"start":{"line":89,"column":4},"end":{"line":89,"column":33}},"36":{"start":{"line":90,"column":4},"end":{"line":92,"column":7}},"37":{"start":{"line":91,"column":6},"end":{"line":91,"column":34}},"38":{"start":{"line":93,"column":4},"end":{"line":93,"column":37}},"39":{"start":{"line":95,"column":4},"end":{"line":95,"column":100}},"40":{"start":{"line":97,"column":4},"end":{"line":97,"column":33}},"41":{"start":{"line":98,"column":4},"end":{"line":98,"column":37}},"42":{"start":{"line":100,"column":2},"end":{"line":103,"column":5}},"43":{"start":{"line":107,"column":24},"end":{"line":107,"column":63}},"44":{"start":{"line":108,"column":20},"end":{"line":108,"column":79}},"45":{"start":{"line":109,"column":4},"end":{"line":109,"column":90}},"46":{"start":{"line":109,"column":18},"end":{"line":109,"column":90}},"47":{"start":{"line":112,"column":20},"end":{"line":112,"column":65}},"48":{"start":{"line":113,"column":4},"end":{"line":115,"column":5}},"49":{"start":{"line":114,"column":6},"end":{"line":114,"column":112}},"50":{"start":{"line":117,"column":4},"end":{"line":117,"column":36}},"51":{"start":{"line":8,"column":0},"end":{"line":8,"column":13}}},"fnMap":{"0":{"name":"(anonymous_0)","decl":{"start":{"line":11,"column":2},"end":{"line":11,"column":null}},"loc":{"start":{"line":11,"column":2},"end":{"line":13,"column":3}}},"1":{"name":"(anonymous_1)","decl":{"start":{"line":14,"column":2},"end":{"line":14,"column":7}},"loc":{"start":{"line":14,"column":52},"end":{"line":21,"column":3}}},"2":{"name":"(anonymous_2)","decl":{"start":{"line":23,"column":1},"end":{"line":23,"column":6}},"loc":{"start":{"line":27,"column":21},"end":{"line":50,"column":1}}},"3":{"name":"(anonymous_3)","decl":{"start":{"line":31,"column":4},"end":{"line":31,"column":7}},"loc":{"start":{"line":31,"column":10},"end":{"line":31,"column":14}}},"4":{"name":"(anonymous_4)","decl":{"start":{"line":51,"column":2},"end":{"line":51,"column":7}},"loc":{"start":{"line":51,"column":49},"end":{"line":57,"column":3}}},"5":{"name":"(anonymous_5)","decl":{"start":{"line":54,"column":6},"end":{"line":54,"column":9}},"loc":{"start":{"line":54,"column":12},"end":{"line":54,"column":16}}},"6":{"name":"(anonymous_6)","decl":{"start":{"line":58,"column":1},"end":{"line":58,"column":6}},"loc":{"start":{"line":63,"column":21},"end":{"line":104,"column":1}}},"7":{"name":"(anonymous_7)","decl":{"start":{"line":67,"column":4},"end":{"line":67,"column":7}},"loc":{"start":{"line":67,"column":10},"end":{"line":67,"column":14}}},"8":{"name":"(anonymous_8)","decl":{"start":{"line":75,"column":6},"end":{"line":75,"column":9}},"loc":{"start":{"line":75,"column":12},"end":{"line":75,"column":16}}},"9":{"name":"(anonymous_9)","decl":{"start":{"line":90,"column":31},"end":{"line":90,"column":37}},"loc":{"start":{"line":90,"column":40},"end":{"line":92,"column":5}}},"10":{"name":"(anonymous_10)","decl":{"start":{"line":105,"column":2},"end":{"line":105,"column":7}},"loc":{"start":{"line":105,"column":61},"end":{"line":118,"column":3}}}},"branchMap":{"0":{"loc":{"start":{"line":18,"column":4},"end":{"line":18,"column":90}},"type":"if","locations":[{"start":{"line":18,"column":4},"end":{"line":18,"column":90}}]},"1":{"loc":{"start":{"line":37,"column":80},"end":{"line":37,"column":166}},"type":"if","locations":[{"start":{"line":37,"column":80},"end":{"line":37,"column":166}}]},"2":{"loc":{"start":{"line":72,"column":2},"end":{"line":78,"column":3}},"type":"if","locations":[{"start":{"line":72,"column":2},"end":{"line":78,"column":3}}]},"3":{"loc":{"start":{"line":86,"column":2},"end":{"line":86,"column":88}},"type":"if","locations":[{"start":{"line":86,"column":2},"end":{"line":86,"column":88}}]},"4":{"loc":{"start":{"line":87,"column":2},"end":{"line":99,"column":3}},"type":"if","locations":[{"start":{"line":87,"column":2},"end":{"line":99,"column":3}},{"start":{"line":96,"column":9},"end":{"line":99,"column":3}}]},"5":{"loc":{"start":{"line":109,"column":4},"end":{"line":109,"column":90}},"type":"if","locations":[{"start":{"line":109,"column":4},"end":{"line":109,"column":90}}]},"6":{"loc":{"start":{"line":113,"column":4},"end":{"line":115,"column":5}},"type":"if","locations":[{"start":{"line":113,"column":4},"end":{"line":115,"column":5}}]}},"s":{"0":20,"1":20,"2":20,"3":20,"4":20,"5":290,"6":10,"7":10,"8":10,"9":1,"10":9,"11":140,"12":3,"13":137,"14":137,"15":137,"16":2,"17":135,"18":135,"19":135,"20":144,"21":130,"22":12,"23":10,"24":10,"25":8,"26":1,"27":9,"28":9,"29":9,"30":9,"31":9,"32":2,"33":7,"34":6,"35":6,"36":6,"37":2,"38":6,"39":6,"40":1,"41":1,"42":7,"43":14,"44":14,"45":14,"46":1,"47":13,"48":12,"49":1,"50":11,"51":20},"f":{"0":290,"1":10,"2":140,"3":3,"4":144,"5":130,"6":12,"7":10,"8":1,"9":2,"10":14},"b":{"0":[1],"1":[2],"2":[8],"3":[2],"4":[6,1],"5":[1],"6":[1]}}
,"C:\\Users\\Utente\\Desktop\\PersonalStudy\\projects\\geocontrol\\src\\repositories\\MeasurementRepository.ts": {"path":"C:\\Users\\Utente\\Desktop\\PersonalStudy\\projects\\geocontrol\\src\\repositories\\MeasurementRepository.ts","statementMap":{"0":{"start":{"line":1,"column":0},"end":{"line":1,"column":42}},"1":{"start":{"line":3,"column":0},"end":{"line":3,"column":60}},"2":{"start":{"line":4,"column":0},"end":{"line":4,"column":50}},"3":{"start":{"line":5,"column":0},"end":{"line":5,"column":45}},"4":{"start":{"line":12,"column":4},"end":{"line":12,"column":60}},"5":{"start":{"line":16,"column":23},"end":{"line":16,"column":61}},"6":{"start":{"line":17,"column":19},"end":{"line":20,"column":null}},"7":{"start":{"line":19,"column":18},"end":{"line":19,"column":55}},"8":{"start":{"line":23,"column":24},"end":{"line":23,"column":70}},"9":{"start":{"line":24,"column":4},"end":{"line":24,"column":39}},"10":{"start":{"line":28,"column":18},"end":{"line":31,"column":61}},"11":{"start":{"line":33,"column":4},"end":{"line":33,"column":88}},"12":{"start":{"line":33,"column":19},"end":{"line":33,"column":88}},"13":{"start":{"line":34,"column":4},"end":{"line":34,"column":82}},"14":{"start":{"line":34,"column":17},"end":{"line":34,"column":82}},"15":{"start":{"line":36,"column":4},"end":{"line":36,"column":27}},"16":{"start":{"line":40,"column":25},"end":{"line":40,"column":82}},"17":{"start":{"line":41,"column":19},"end":{"line":41,"column":51}},"18":{"start":{"line":41,"column":43},"end":{"line":41,"column":50}},"19":{"start":{"line":43,"column":4},"end":{"line":54,"column":5}},"20":{"start":{"line":46,"column":6},"end":{"line":53,"column":8}},"21":{"start":{"line":56,"column":17},"end":{"line":56,"column":78}},"22":{"start":{"line":56,"column":47},"end":{"line":56,"column":58}},"23":{"start":{"line":57,"column":21},"end":{"line":57,"column":102}},"24":{"start":{"line":57,"column":51},"end":{"line":57,"column":82}},"25":{"start":{"line":58,"column":16},"end":{"line":58,"column":35}},"26":{"start":{"line":59,"column":27},"end":{"line":59,"column":41}},"27":{"start":{"line":60,"column":27},"end":{"line":60,"column":41}},"28":{"start":{"line":62,"column":4},"end":{"line":69,"column":6}},"29":{"start":{"line":74,"column":18},"end":{"line":74,"column":73}},"30":{"start":{"line":75,"column":25},"end":{"line":75,"column":82}},"31":{"start":{"line":77,"column":4},"end":{"line":79,"column":6}},"32":{"start":{"line":78,"column":13},"end":{"line":78,"column":121}},"33":{"start":{"line":83,"column":18},"end":{"line":88,"column":60}},"34":{"start":{"line":90,"column":4},"end":{"line":90,"column":88}},"35":{"start":{"line":90,"column":19},"end":{"line":90,"column":88}},"36":{"start":{"line":91,"column":4},"end":{"line":91,"column":82}},"37":{"start":{"line":91,"column":17},"end":{"line":91,"column":82}},"38":{"start":{"line":93,"column":4},"end":{"line":93,"column":27}},"39":{"start":{"line":97,"column":25},"end":{"line":97,"column":93}},"40":{"start":{"line":98,"column":19},"end":{"line":98,"column":51}},"41":{"start":{"line":98,"column":43},"end":{"line":98,"column":50}},"42":{"start":{"line":100,"column":4},"end":{"line":111,"column":5}},"43":{"start":{"line":103,"column":6},"end":{"line":110,"column":8}},"44":{"start":{"line":113,"column":17},"end":{"line":113,"column":78}},"45":{"start":{"line":113,"column":47},"end":{"line":113,"column":58}},"46":{"start":{"line":114,"column":4},"end":{"line":114,"column":31}},"47":{"start":{"line":115,"column":21},"end":{"line":115,"column":102}},"48":{"start":{"line":115,"column":51},"end":{"line":115,"column":82}},"49":{"start":{"line":116,"column":16},"end":{"line":116,"column":35}},"50":{"start":{"line":117,"column":27},"end":{"line":117,"column":41}},"51":{"start":{"line":118,"column":27},"end":{"line":118,"column":41}},"52":{"start":{"line":120,"column":4},"end":{"line":127,"column":6}},"53":{"start":{"line":132,"column":18},"end":{"line":132,"column":84}},"54":{"start":{"line":133,"column":25},"end":{"line":133,"column":93}},"55":{"start":{"line":135,"column":4},"end":{"line":137,"column":6}},"56":{"start":{"line":136,"column":13},"end":{"line":136,"column":121}},"57":{"start":{"line":8,"column":0},"end":{"line":8,"column":13}}},"fnMap":{"0":{"name":"(anonymous_0)","decl":{"start":{"line":11,"column":2},"end":{"line":11,"column":null}},"loc":{"start":{"line":11,"column":2},"end":{"line":13,"column":3}}},"1":{"name":"(anonymous_1)","decl":{"start":{"line":15,"column":2},"end":{"line":15,"column":7}},"loc":{"start":{"line":15,"column":75},"end":{"line":25,"column":3}}},"2":{"name":"(anonymous_2)","decl":{"start":{"line":19,"column":6},"end":{"line":19,"column":7}},"loc":{"start":{"line":19,"column":18},"end":{"line":19,"column":55}}},"3":{"name":"(anonymous_3)","decl":{"start":{"line":27,"column":2},"end":{"line":27,"column":7}},"loc":{"start":{"line":27,"column":75},"end":{"line":37,"column":3}}},"4":{"name":"(anonymous_4)","decl":{"start":{"line":39,"column":2},"end":{"line":39,"column":7}},"loc":{"start":{"line":39,"column":73},"end":{"line":70,"column":3}}},"5":{"name":"(anonymous_5)","decl":{"start":{"line":41,"column":36},"end":{"line":41,"column":37}},"loc":{"start":{"line":41,"column":43},"end":{"line":41,"column":50}}},"6":{"name":"(anonymous_6)","decl":{"start":{"line":56,"column":31},"end":{"line":56,"column":32}},"loc":{"start":{"line":56,"column":47},"end":{"line":56,"column":58}}},"7":{"name":"(anonymous_7)","decl":{"start":{"line":57,"column":35},"end":{"line":57,"column":36}},"loc":{"start":{"line":57,"column":51},"end":{"line":57,"column":82}}},"8":{"name":"(anonymous_8)","decl":{"start":{"line":73,"column":2},"end":{"line":73,"column":7}},"loc":{"start":{"line":73,"column":71},"end":{"line":80,"column":3}}},"9":{"name":"(anonymous_9)","decl":{"start":{"line":78,"column":6},"end":{"line":78,"column":7}},"loc":{"start":{"line":78,"column":13},"end":{"line":78,"column":121}}},"10":{"name":"(anonymous_10)","decl":{"start":{"line":82,"column":2},"end":{"line":82,"column":7}},"loc":{"start":{"line":82,"column":86},"end":{"line":94,"column":3}}},"11":{"name":"(anonymous_11)","decl":{"start":{"line":96,"column":2},"end":{"line":96,"column":7}},"loc":{"start":{"line":96,"column":84},"end":{"line":128,"column":3}}},"12":{"name":"(anonymous_12)","decl":{"start":{"line":98,"column":36},"end":{"line":98,"column":37}},"loc":{"start":{"line":98,"column":43},"end":{"line":98,"column":50}}},"13":{"name":"(anonymous_13)","decl":{"start":{"line":113,"column":31},"end":{"line":113,"column":32}},"loc":{"start":{"line":113,"column":47},"end":{"line":113,"column":58}}},"14":{"name":"(anonymous_14)","decl":{"start":{"line":115,"column":35},"end":{"line":115,"column":36}},"loc":{"start":{"line":115,"column":51},"end":{"line":115,"column":82}}},"15":{"name":"(anonymous_15)","decl":{"start":{"line":131,"column":2},"end":{"line":131,"column":7}},"loc":{"start":{"line":131,"column":82},"end":{"line":138,"column":3}}},"16":{"name":"(anonymous_16)","decl":{"start":{"line":136,"column":6},"end":{"line":136,"column":7}},"loc":{"start":{"line":136,"column":13},"end":{"line":136,"column":121}}}},"branchMap":{"0":{"loc":{"start":{"line":19,"column":18},"end":{"line":19,"column":55}},"type":"binary-expr","locations":[{"start":{"line":19,"column":18},"end":{"line":19,"column":33}},{"start":{"line":19,"column":37},"end":{"line":19,"column":55}}]},"1":{"loc":{"start":{"line":33,"column":4},"end":{"line":33,"column":88}},"type":"if","locations":[{"start":{"line":33,"column":4},"end":{"line":33,"column":88}}]},"2":{"loc":{"start":{"line":34,"column":4},"end":{"line":34,"column":82}},"type":"if","locations":[{"start":{"line":34,"column":4},"end":{"line":34,"column":82}}]},"3":{"loc":{"start":{"line":43,"column":4},"end":{"line":54,"column":5}},"type":"if","locations":[{"start":{"line":43,"column":4},"end":{"line":54,"column":5}}]},"4":{"loc":{"start":{"line":51,"column":19},"end":{"line":51,"column":66}},"type":"cond-expr","locations":[{"start":{"line":51,"column":31},"end":{"line":51,"column":54}},{"start":{"line":51,"column":57},"end":{"line":51,"column":66}}]},"5":{"loc":{"start":{"line":52,"column":17},"end":{"line":52,"column":60}},"type":"cond-expr","locations":[{"start":{"line":52,"column":27},"end":{"line":52,"column":48}},{"start":{"line":52,"column":51},"end":{"line":52,"column":60}}]},"6":{"loc":{"start":{"line":78,"column":13},"end":{"line":78,"column":121}},"type":"binary-expr","locations":[{"start":{"line":78,"column":13},"end":{"line":78,"column":65}},{"start":{"line":78,"column":69},"end":{"line":78,"column":121}}]},"7":{"loc":{"start":{"line":90,"column":4},"end":{"line":90,"column":88}},"type":"if","locations":[{"start":{"line":90,"column":4},"end":{"line":90,"column":88}}]},"8":{"loc":{"start":{"line":91,"column":4},"end":{"line":91,"column":82}},"type":"if","locations":[{"start":{"line":91,"column":4},"end":{"line":91,"column":82}}]},"9":{"loc":{"start":{"line":100,"column":4},"end":{"line":111,"column":5}},"type":"if","locations":[{"start":{"line":100,"column":4},"end":{"line":111,"column":5}}]},"10":{"loc":{"start":{"line":108,"column":19},"end":{"line":108,"column":66}},"type":"cond-expr","locations":[{"start":{"line":108,"column":31},"end":{"line":108,"column":54}},{"start":{"line":108,"column":57},"end":{"line":108,"column":66}}]},"11":{"loc":{"start":{"line":109,"column":17},"end":{"line":109,"column":60}},"type":"cond-expr","locations":[{"start":{"line":109,"column":27},"end":{"line":109,"column":48}},{"start":{"line":109,"column":51},"end":{"line":109,"column":60}}]},"12":{"loc":{"start":{"line":136,"column":13},"end":{"line":136,"column":121}},"type":"binary-expr","locations":[{"start":{"line":136,"column":13},"end":{"line":136,"column":65}},{"start":{"line":136,"column":69},"end":{"line":136,"column":121}}]}},"s":{"0":20,"1":20,"2":20,"3":20,"4":21,"5":332,"6":332,"7":332,"8":330,"9":330,"10":94,"11":94,"12":14,"13":94,"14":14,"15":94,"16":70,"17":70,"18":200,"19":70,"20":12,"21":58,"22":200,"23":58,"24":200,"25":58,"26":58,"27":58,"28":58,"29":12,"30":12,"31":12,"32":43,"33":51,"34":51,"35":8,"36":51,"37":8,"38":51,"39":10,"40":10,"41":10,"42":10,"43":6,"44":4,"45":10,"46":4,"47":4,"48":10,"49":4,"50":4,"51":4,"52":4,"53":5,"54":5,"55":5,"56":6,"57":20},"f":{"0":21,"1":332,"2":332,"3":94,"4":70,"5":200,"6":200,"7":200,"8":12,"9":43,"10":51,"11":10,"12":10,"13":10,"14":10,"15":5,"16":6},"b":{"0":[332,330],"1":[14],"2":[14],"3":[12],"4":[1,11],"5":[1,11],"6":[43,38],"7":[8],"8":[8],"9":[6],"10":[1,5],"11":[1,5],"12":[6,5]}}
[...]
,"C:\\Users\\Utente\\Desktop\\PersonalStudy\\projects\\geocontrol\\src\\routes\\userRoutes.ts": {"path":"C:\\Users\\Utente\\Desktop\\PersonalStudy\\projects\\geocontrol\\src\\routes\\userRoutes.ts","statementMap":{"0":{"start":{"line":1,"column":0},"end":{"line":1,"column":33}},"1":{"start":{"line":2,"column":0},"end":{"line":2,"column":63}},"2":{"start":{"line":3,"column":0},"end":{"line":3,"column":44}},"3":{"start":{"line":4,"column":0},"end":{"line":4,"column":null}},"4":{"start":{"line":10,"column":0},"end":{"line":10,"column":41}},"5":{"start":{"line":12,"column":15},"end":{"line":12,"column":23}},"6":{"start":{"line":15,"column":0},"end":{"line":21,"column":3}},"7":{"start":{"line":16,"column":2},"end":{"line":20,"column":3}},"8":{"start":{"line":17,"column":4},"end":{"line":17,"column":46}},"9":{"start":{"line":19,"column":4},"end":{"line":19,"column":16}},"10":{"start":{"line":24,"column":0},"end":{"line":31,"column":3}},"11":{"start":{"line":25,"column":2},"end":{"line":30,"column":3}},"12":{"start":{"line":26,"column":4},"end":{"line":26,"column":45}},"13":{"start":{"line":27,"column":4},"end":{"line":27,"column":27}},"14":{"start":{"line":29,"column":4},"end":{"line":29,"column":16}},"15":{"start":{"line":34,"column":0},"end":{"line":44,"column":2}},"16":{"start":{"line":38,"column":4},"end":{"line":42,"column":5}},"17":{"start":{"line":39,"column":6},"end":{"line":39,"column":63}},"18":{"start":{"line":41,"column":6},"end":{"line":41,"column":18}},"19":{"start":{"line":47,"column":0},"end":{"line":58,"column":2}},"20":{"start":{"line":51,"column":4},"end":{"line":56,"column":5}},"21":{"start":{"line":52,"column":6},"end":{"line":52,"column":44}},"22":{"start":{"line":53,"column":6},"end":{"line":53,"column":29}},"23":{"start":{"line":55,"column":6},"end":{"line":55,"column":18}},"24":{"start":{"line":60,"column":0},"end":{"line":60,"column":22}}},"fnMap":{"0":{"name":"(anonymous_0)","decl":{"start":{"line":15,"column":51},"end":{"line":15,"column":56}},"loc":{"start":{"line":15,"column":76},"end":{"line":21,"column":1}}},"1":{"name":"(anonymous_1)","decl":{"start":{"line":24,"column":52},"end":{"line":24,"column":57}},"loc":{"start":{"line":24,"column":77},"end":{"line":31,"column":1}}},"2":{"name":"(anonymous_2)","decl":{"start":{"line":37,"column":2},"end":{"line":37,"column":7}},"loc":{"start":{"line":37,"column":27},"end":{"line":43,"column":3}}},"3":{"name":"(anonymous_3)","decl":{"start":{"line":50,"column":2},"end":{"line":50,"column":7}},"loc":{"start":{"line":50,"column":27},"end":{"line":57,"column":3}}}},"branchMap":{},"s":{"0":16,"1":16,"2":16,"3":16,"4":16,"5":16,"6":16,"7":4,"8":4,"9":1,"10":16,"11":5,"12":5,"13":3,"14":2,"15":16,"16":5,"17":5,"18":2,"19":16,"20":5,"21":5,"22":3,"23":2,"24":16},"f":{"0":4,"1":5,"2":5,"3":5},"b":{}}
,"C:\\Users\\Utente\\Desktop\\PersonalStudy\\projects\\geocontrol\\src\\services\\authService.ts": {"path":"C:\\Users\\Utente\\Desktop\\PersonalStudy\\projects\\geocontrol\\src\\services\\authService.ts","statementMap":{"0":{"start":{"line":11,"column":0},"end":{"line":11,"column":16}},"1":{"start":{"line":15,"column":0},"end":{"line":15,"column":7}},"2":{"start":{"line":1,"column":0},"end":{"line":1,"column":31}},"3":{"start":{"line":2,"column":0},"end":{"line":2,"column":53}},"4":{"start":{"line":5,"column":0},"end":{"line":5,"column":62}},"5":{"start":{"line":7,"column":0},"end":{"line":7,"column":47}},"6":{"start":{"line":8,"column":0},"end":{"line":8,"column":81}},"7":{"start":{"line":9,"column":0},"end":{"line":9,"column":69}},"8":{"start":{"line":12,"column":2},"end":{"line":12,"column":67}},"9":{"start":{"line":20,"column":24},"end":{"line":20,"column":47}},"10":{"start":{"line":22,"column":2},"end":{"line":28,"column":3}},"11":{"start":{"line":23,"column":4},"end":{"line":23,"column":62}},"12":{"start":{"line":25,"column":4},"end":{"line":27,"column":6}},"13":{"start":{"line":30,"column":2},"end":{"line":32,"column":3}},"14":{"start":{"line":31,"column":4},"end":{"line":31,"column":72}},"15":{"start":{"line":36,"column":2},"end":{"line":42,"column":3}},"16":{"start":{"line":37,"column":4},"end":{"line":37,"column":77}},"17":{"start":{"line":39,"column":4},"end":{"line":41,"column":64}},"18":{"start":{"line":46,"column":2},"end":{"line":48,"column":3}},"19":{"start":{"line":47,"column":4},"end":{"line":47,"column":67}},"20":{"start":{"line":50,"column":16},"end":{"line":50,"column":37}},"21":{"start":{"line":51,"column":2},"end":{"line":53,"column":3}},"22":{"start":{"line":52,"column":4},"end":{"line":52,"column":70}},"23":{"start":{"line":55,"column":2},"end":{"line":55,"column":18}}},"fnMap":{"0":{"name":"generateToken","decl":{"start":{"line":11,"column":16},"end":{"line":11,"column":29}},"loc":{"start":{"line":11,"column":43},"end":{"line":13,"column":1}}},"1":{"name":"processToken","decl":{"start":{"line":15,"column":22},"end":{"line":15,"column":34}},"loc":{"start":{"line":18,"column":49},"end":{"line":33,"column":1}}},"2":{"name":"verifyToken","decl":{"start":{"line":35,"column":9},"end":{"line":35,"column":20}},"loc":{"start":{"line":35,"column":40},"end":{"line":43,"column":1}}},"3":{"name":"extractBearerToken","decl":{"start":{"line":45,"column":9},"end":{"line":45,"column":27}},"loc":{"start":{"line":45,"column":47},"end":{"line":56,"column":1}}}},"branchMap":{"0":{"loc":{"start":{"line":17,"column":2},"end":{"line":17,"column":31}},"type":"default-arg","locations":[{"start":{"line":17,"column":29},"end":{"line":17,"column":31}}]},"1":{"loc":{"start":{"line":18,"column":2},"end":{"line":18,"column":49}},"type":"default-arg","locations":[{"start":{"line":18,"column":29},"end":{"line":18,"column":49}}]},"2":{"loc":{"start":{"line":30,"column":2},"end":{"line":32,"column":3}},"type":"if","locations":[{"start":{"line":30,"column":2},"end":{"line":32,"column":3}}]},"3":{"loc":{"start":{"line":30,"column":6},"end":{"line":30,"column":69}},"type":"binary-expr","locations":[{"start":{"line":30,"column":6},"end":{"line":30,"column":29}},{"start":{"line":30,"column":33},"end":{"line":30,"column":69}}]},"4":{"loc":{"start":{"line":39,"column":10},"end":{"line":41,"column":63}},"type":"cond-expr","locations":[{"start":{"line":40,"column":8},"end":{"line":40,"column":13}},{"start":{"line":41,"column":8},"end":{"line":41,"column":63}}]},"5":{"loc":{"start":{"line":46,"column":2},"end":{"line":48,"column":3}},"type":"if","locations":[{"start":{"line":46,"column":2},"end":{"line":48,"column":3}}]},"6":{"loc":{"start":{"line":51,"column":2},"end":{"line":53,"column":3}},"type":"if","locations":[{"start":{"line":51,"column":2},"end":{"line":53,"column":3}}]},"7":{"loc":{"start":{"line":51,"column":6},"end":{"line":51,"column":49}},"type":"binary-expr","locations":[{"start":{"line":51,"column":6},"end":{"line":51,"column":24}},{"start":{"line":51,"column":28},"end":{"line":51,"column":49}}]}},"s":{"0":19,"1":19,"2":19,"3":19,"4":19,"5":19,"6":19,"7":19,"8":405,"9":773,"10":746,"11":746,"12":1,"13":745,"14":12,"15":773,"16":773,"17":27,"18":773,"19":1,"20":772,"21":772,"22":8,"23":764},"f":{"0":405,"1":773,"2":773,"3":773},"b":{"0":[1],"1":[760],"2":[12],"3":[745,586],"4":[10,17],"5":[1],"6":[8],"7":[772,765]}}
,"C:\\Users\\Utente\\Desktop\\PersonalStudy\\projects\\geocontrol\\src\\services\\errorService.ts": {"path":"C:\\Users\\Utente\\Desktop\\PersonalStudy\\projects\\geocontrol\\src\\services\\errorService.ts","statementMap":{"0":{"start":{"line":6,"column":0},"end":{"line":6,"column":16}},"1":{"start":{"line":2,"column":0},"end":{"line":2,"column":44}},"2":{"start":{"line":3,"column":0},"end":{"line":3,"column":52}},"3":{"start":{"line":4,"column":0},"end":{"line":4,"column":57}},"4":{"start":{"line":7,"column":29},"end":{"line":10,"column":null}},"5":{"start":{"line":13,"column":2},"end":{"line":13,"column":16}},"6":{"start":{"line":14,"column":2},"end":{"line":16,"column":4}},"7":{"start":{"line":18,"column":2},"end":{"line":23,"column":3}},"8":{"start":{"line":22,"column":4},"end":{"line":22,"column":67}},"9":{"start":{"line":25,"column":2},"end":{"line":25,"column":20}}},"fnMap":{"0":{"name":"createAppError","decl":{"start":{"line":6,"column":16},"end":{"line":6,"column":30}},"loc":{"start":{"line":6,"column":39},"end":{"line":26,"column":1}}}},"branchMap":{"0":{"loc":{"start":{"line":9,"column":4},"end":{"line":9,"column":43}},"type":"binary-expr","locations":[{"start":{"line":9,"column":4},"end":{"line":9,"column":16}},{"start":{"line":9,"column":20},"end":{"line":9,"column":43}}]},"1":{"loc":{"start":{"line":15,"column":44},"end":{"line":15,"column":83}},"type":"binary-expr","locations":[{"start":{"line":15,"column":44},"end":{"line":15,"column":54}},{"start":{"line":15,"column":58},"end":{"line":15,"column":83}}]},"2":{"loc":{"start":{"line":18,"column":2},"end":{"line":23,"column":3}},"type":"if","locations":[{"start":{"line":18,"column":2},"end":{"line":23,"column":3}}]},"3":{"loc":{"start":{"line":19,"column":4},"end":{"line":20,"column":50}},"type":"binary-expr","locations":[{"start":{"line":19,"column":4},"end":{"line":19,"column":27}},{"start":{"line":20,"column":5},"end":{"line":20,"column":15}},{"start":{"line":20,"column":19},"end":{"line":20,"column":49}}]}},"s":{"0":17,"1":17,"2":17,"3":17,"4":221,"5":221,"6":221,"7":221,"8":193,"9":221},"f":{"0":221},"b":{"0":[221,1],"1":[221,1],"2":[193],"3":[221,80,52]}}
,"C:\\Users\\Utente\\Desktop\\PersonalStudy\\projects\\geocontrol\\src\\services\\mapperService.ts": {"path":"C:\\Users\\Utente\\Desktop\\PersonalStudy\\projects\\geocontrol\\src\\services\\mapperService.ts","statementMap":{"0":{"start":{"line":14,"column":0},"end":{"line":14,"column":16}},"1":{"start":{"line":26,"column":0},"end":{"line":26,"column":16}},"2":{"start":{"line":32,"column":0},"end":{"line":32,"column":16}},"3":{"start":{"line":44,"column":0},"end":{"line":44,"column":16}},"4":{"start":{"line":48,"column":0},"end":{"line":48,"column":16}},"5":{"start":{"line":62,"column":0},"end":{"line":62,"column":16}},"6":{"start":{"line":66,"column":0},"end":{"line":66,"column":16}},"7":{"start":{"line":80,"column":0},"end":{"line":80,"column":16}},"8":{"start":{"line":89,"column":0},"end":{"line":89,"column":16}},"9":{"start":{"line":107,"column":0},"end":{"line":107,"column":16}},"10":{"start":{"line":119,"column":0},"end":{"line":119,"column":16}},"11":{"start":{"line":19,"column":2},"end":{"line":23,"column":17}},"12":{"start":{"line":27,"column":2},"end":{"line":29,"column":17}},"13":{"start":{"line":37,"column":2},"end":{"line":41,"column":16}},"14":{"start":{"line":45,"column":2},"end":{"line":45,"column":55}},"15":{"start":{"line":54,"column":2},"end":{"line":59,"column":19}},"16":{"start":{"line":63,"column":2},"end":{"line":63,"column":105}},"17":{"start":{"line":72,"column":2},"end":{"line":77,"column":19}},"18":{"start":{"line":81,"column":2},"end":{"line":86,"column":4}},"19":{"start":{"line":97,"column":2},"end":{"line":104,"column":18}},"20":{"start":{"line":108,"column":2},"end":{"line":115,"column":4}},"21":{"start":{"line":120,"column":2},"end":{"line":127,"column":18}},"22":{"start":{"line":123,"column":8},"end":{"line":125,"column":51}}},"fnMap":{"0":{"name":"createErrorDTO","decl":{"start":{"line":14,"column":16},"end":{"line":14,"column":30}},"loc":{"start":{"line":17,"column":15},"end":{"line":24,"column":1}}},"1":{"name":"createTokenDTO","decl":{"start":{"line":26,"column":16},"end":{"line":26,"column":30}},"loc":{"start":{"line":26,"column":44},"end":{"line":30,"column":1}}},"2":{"name":"createUserDTO","decl":{"start":{"line":32,"column":16},"end":{"line":32,"column":29}},"loc":{"start":{"line":35,"column":19},"end":{"line":42,"column":1}}},"3":{"name":"mapUserDAOToDTO","decl":{"start":{"line":44,"column":16},"end":{"line":44,"column":31}},"loc":{"start":{"line":44,"column":48},"end":{"line":46,"column":1}}},"4":{"name":"createNetworkDTO","decl":{"start":{"line":48,"column":16},"end":{"line":48,"column":32}},"loc":{"start":{"line":52,"column":25},"end":{"line":60,"column":1}}},"5":{"name":"mapNetworkDAOToDTO","decl":{"start":{"line":62,"column":16},"end":{"line":62,"column":34}},"loc":{"start":{"line":62,"column":57},"end":{"line":64,"column":1}}},"6":{"name":"createGatewayDTO","decl":{"start":{"line":66,"column":16},"end":{"line":66,"column":32}},"loc":{"start":{"line":70,"column":23},"end":{"line":78,"column":1}}},"7":{"name":"mapGatewayDAOToDTO","decl":{"start":{"line":80,"column":16},"end":{"line":80,"column":34}},"loc":{"start":{"line":80,"column":57},"end":{"line":87,"column":1}}},"8":{"name":"createSensorDTO","decl":{"start":{"line":89,"column":16},"end":{"line":89,"column":31}},"loc":{"start":{"line":95,"column":33},"end":{"line":105,"column":1}}},"9":{"name":"mapSensorDAOToDTO","decl":{"start":{"line":107,"column":16},"end":{"line":107,"column":33}},"loc":{"start":{"line":107,"column":54},"end":{"line":116,"column":1}}},"10":{"name":"removeNullAttributes","decl":{"start":{"line":119,"column":16},"end":{"line":119,"column":36}},"loc":{"start":{"line":119,"column":46},"end":{"line":128,"column":1}}},"11":{"name":"(anonymous_11)","decl":{"start":{"line":122,"column":6},"end":{"line":122,"column":7}},"loc":{"start":{"line":123,"column":8},"end":{"line":125,"column":51}}}},"branchMap":{"0":{"loc":{"start":{"line":123,"column":8},"end":{"line":125,"column":51}},"type":"binary-expr","locations":[{"start":{"line":123,"column":8},"end":{"line":123,"column":22}},{"start":{"line":124,"column":8},"end":{"line":124,"column":27}},{"start":{"line":125,"column":9},"end":{"line":125,"column":30}},{"start":{"line":125,"column":34},"end":{"line":125,"column":50}}]}},"s":{"0":28,"1":28,"2":28,"3":28,"4":28,"5":28,"6":28,"7":28,"8":28,"9":28,"10":28,"11":411,"12":2,"13":14,"14":11,"15":13,"16":13,"17":124,"18":124,"19":120,"20":120,"21":685,"22":2549},"f":{"0":411,"1":2,"2":14,"3":11,"4":13,"5":13,"6":124,"7":124,"8":120,"9":120,"10":685,"11":2549},"b":{"0":[2549,2547,2410,135]}}
,"C:\\Users\\Utente\\Desktop\\PersonalStudy\\projects\\geocontrol\\src\\services\\measurementService.ts": {"path":"C:\\Users\\Utente\\Desktop\\PersonalStudy\\projects\\geocontrol\\src\\services\\measurementService.ts","statementMap":{"0":{"start":{"line":1,"column":0},"end":{"line":1,"column":76}},"1":{"start":{"line":7,"column":2},"end":{"line":7,"column":72}},"2":{"start":{"line":11,"column":4},"end":{"line":11,"column":79}},"3":{"start":{"line":15,"column":4},"end":{"line":15,"column":79}},"4":{"start":{"line":19,"column":4},"end":{"line":19,"column":77}},"5":{"start":{"line":23,"column":4},"end":{"line":23,"column":75}},"6":{"start":{"line":27,"column":4},"end":{"line":27,"column":90}},"7":{"start":{"line":31,"column":4},"end":{"line":31,"column":88}},"8":{"start":{"line":35,"column":4},"end":{"line":35,"column":86}},"9":{"start":{"line":3,"column":0},"end":{"line":3,"column":13}}},"fnMap":{"0":{"name":"(anonymous_0)","decl":{"start":{"line":6,"column":2},"end":{"line":6,"column":14}},"loc":{"start":{"line":6,"column":53},"end":{"line":8,"column":1}}},"1":{"name":"(anonymous_1)","decl":{"start":{"line":10,"column":2},"end":{"line":10,"column":19}},"loc":{"start":{"line":10,"column":69},"end":{"line":12,"column":3}}},"2":{"name":"(anonymous_2)","decl":{"start":{"line":14,"column":2},"end":{"line":14,"column":17}},"loc":{"start":{"line":14,"column":69},"end":{"line":16,"column":3}}},"3":{"name":"(anonymous_3)","decl":{"start":{"line":18,"column":2},"end":{"line":18,"column":15}},"loc":{"start":{"line":18,"column":67},"end":{"line":20,"column":3}}},"4":{"name":"(anonymous_4)","decl":{"start":{"line":22,"column":2},"end":{"line":22,"column":13}},"loc":{"start":{"line":22,"column":65},"end":{"line":24,"column":3}}},"5":{"name":"(anonymous_5)","decl":{"start":{"line":26,"column":2},"end":{"line":26,"column":26}},"loc":{"start":{"line":26,"column":80},"end":{"line":28,"column":3}}},"6":{"name":"(anonymous_6)","decl":{"start":{"line":30,"column":2},"end":{"line":30,"column":24}},"loc":{"start":{"line":30,"column":78},"end":{"line":32,"column":3}}},"7":{"name":"(anonymous_7)","decl":{"start":{"line":34,"column":2},"end":{"line":34,"column":22}},"loc":{"start":{"line":34,"column":76},"end":{"line":36,"column":3}}}},"branchMap":{"0":{"loc":{"start":{"line":7,"column":25},"end":{"line":7,"column":71}},"type":"binary-expr","locations":[{"start":{"line":7,"column":25},"end":{"line":7,"column":40}},{"start":{"line":7,"column":44},"end":{"line":7,"column":71}}]}},"s":{"0":18,"1":21,"2":311,"3":12,"4":54,"5":7,"6":36,"7":1,"8":1,"9":18},"f":{"0":21,"1":311,"2":12,"3":54,"4":7,"5":36,"6":1,"7":1},"b":{"0":[21,17]}}
,"C:\\Users\\Utente\\Desktop\\PersonalStudy\\projects\\geocontrol\\src\\services\\networkService.ts": {"path":"C:\\Users\\Utente\\Desktop\\PersonalStudy\\projects\\geocontrol\\src\\services\\networkService.ts","statementMap":{"0":{"start":{"line":6,"column":0},"end":{"line":6,"column":7}},"1":{"start":{"line":10,"column":0},"end":{"line":10,"column":7}},"2":{"start":{"line":14,"column":0},"end":{"line":14,"column":7}},"3":{"start":{"line":18,"column":0},"end":{"line":18,"column":7}},"4":{"start":{"line":22,"column":0},"end":{"line":22,"column":7}},"5":{"start":{"line":1,"column":0},"end":{"line":1,"column":68}},"6":{"start":{"line":4,"column":20},"end":{"line":4,"column":43}},"7":{"start":{"line":7,"column":2},"end":{"line":7,"column":44}},"8":{"start":{"line":11,"column":2},"end":{"line":11,"column":57}},"9":{"start":{"line":15,"column":2},"end":{"line":15,"column":92}},"10":{"start":{"line":19,"column":2},"end":{"line":19,"column":104}},"11":{"start":{"line":23,"column":2},"end":{"line":23,"column":40}}},"fnMap":{"0":{"name":"getAllNetworks","decl":{"start":{"line":6,"column":22},"end":{"line":6,"column":36}},"loc":{"start":{"line":6,"column":36},"end":{"line":8,"column":1}}},"1":{"name":"getNetworkByCode","decl":{"start":{"line":10,"column":22},"end":{"line":10,"column":38}},"loc":{"start":{"line":10,"column":51},"end":{"line":12,"column":1}}},"2":{"name":"createNetwork","decl":{"start":{"line":14,"column":22},"end":{"line":14,"column":35}},"loc":{"start":{"line":14,"column":58},"end":{"line":16,"column":1}}},"3":{"name":"updateNetwork","decl":{"start":{"line":18,"column":22},"end":{"line":18,"column":35}},"loc":{"start":{"line":18,"column":82},"end":{"line":20,"column":1}}},"4":{"name":"deleteNetwork","decl":{"start":{"line":22,"column":22},"end":{"line":22,"column":35}},"loc":{"start":{"line":22,"column":48},"end":{"line":24,"column":1}}}},"branchMap":{},"s":{"0":17,"1":17,"2":17,"3":17,"4":17,"5":17,"6":17,"7":1,"8":177,"9":1,"10":1,"11":1},"f":{"0":1,"1":177,"2":1,"3":1,"4":1},"b":{}}
}
