TN:
SF:src\app.ts
FNF:0
FNH:0
DA:1,16
DA:2,16
DA:3,16
DA:4,16
DA:5,16
DA:6,16
DA:7,16
DA:8,16
DA:9,16
DA:10,16
DA:11,16
DA:12,16
DA:13,16
DA:14,16
DA:16,16
DA:17,16
DA:19,16
DA:25,16
DA:33,16
DA:34,16
DA:35,16
DA:36,16
DA:37,16
DA:38,16
DA:41,16
LF:25
LH:25
BRF:0
BRH:0
end_of_record
TN:
SF:src\utils.ts
FN:5,findOrThrowNotFound
FN:17,throwConflictIfFound
FN:27,parseISODateParamToUTC
FN:34,parseStringArrayParam
FN:37,(anonymous_4)
FN:40,(anonymous_5)
FN:41,(anonymous_6)
FN:47,(anonymous_7)
FN:48,(anonymous_8)
FNF:9
FNH:9
FNDA:1620,findOrThrowNotFound
FNDA:904,throwConflictIfFound
FNDA:15,parseISODateParamToUTC
FNDA:10,parseStringArrayParam
FNDA:15,(anonymous_4)
FNDA:15,(anonymous_5)
FNDA:15,(anonymous_6)
FNDA:12,(anonymous_7)
FNDA:12,(anonymous_8)
DA:1,46
DA:2,46
DA:3,46
DA:5,46
DA:10,1620
DA:11,1620
DA:12,70
DA:14,1550
DA:17,46
DA:22,904
DA:23,14
DA:27,46
DA:28,15
DA:30,6
DA:31,6
DA:34,46
DA:35,10
DA:36,4
DA:37,15
DA:40,15
DA:41,15
DA:44,6
DA:45,3
DA:47,12
DA:48,12
DA:51,3
LF:26
LH:26
BRDA:11,0,0,70
BRDA:22,1,0,14
BRDA:28,2,0,9
BRDA:31,3,0,5
BRDA:31,3,1,1
BRDA:35,4,0,4
BRDA:37,5,0,11
BRDA:37,5,1,4
BRDA:44,6,0,3
BRF:9
BRH:9
end_of_record
TN:
SF:src\controllers\authController.ts
FN:8,getToken
FNF:1
FNH:1
FNDA:2,getToken
DA:2,17
DA:4,17
DA:5,17
DA:6,17
DA:8,17
DA:9,2
DA:10,2
DA:11,2
DA:12,1
DA:14,1
LF:10
LH:10
BRDA:11,0,0,1
BRF:1
BRH:1
end_of_record
TN:
SF:src\controllers\gatewayController.ts
FN:6,getGatewaysByNetwork
FN:11,(anonymous_1)
FN:14,getGatewayByMac
FN:27,createGateway
FN:37,updateGateway
FN:48,deleteGateway
FNF:6
FNH:6
FNDA:10,getGatewaysByNetwork
FNDA:9,(anonymous_1)
FNDA:127,getGatewayByMac
FNDA:134,createGateway
FNDA:9,updateGateway
FNDA:13,deleteGateway
DA:2,18
DA:3,18
DA:4,18
DA:6,18
DA:7,10
DA:8,10
DA:11,9
DA:14,18
DA:15,127
DA:16,127
DA:19,116
DA:20,1
DA:24,115
DA:27,18
DA:28,134
DA:29,134
DA:37,18
DA:38,9
DA:39,9
DA:48,18
DA:49,13
DA:50,13
LF:22
LH:22
BRDA:19,0,0,1
BRDA:19,1,0,116
BRDA:19,1,1,7
BRF:3
BRH:3
end_of_record
TN:
SF:src\controllers\measurementController.ts
FN:13,recordMeasurement
FN:34,getMeasurementsBySensor
FN:65,(anonymous_2)
FN:85,getStatisticsBySensor
FN:105,getOutliersBySensor
FN:128,(anonymous_5)
FN:141,getMeasurementsByNetwork
FN:151,(anonymous_7)
FN:151,(anonymous_8)
FN:152,(anonymous_9)
FN:172,(anonymous_10)
FN:177,(anonymous_11)
FN:198,getStatisticsByNetwork
FN:207,(anonymous_13)
FN:207,(anonymous_14)
FN:208,(anonymous_15)
FN:227,(anonymous_16)
FN:245,getOutliersByNetwork
FN:255,(anonymous_18)
FN:255,(anonymous_19)
FN:256,(anonymous_20)
FN:276,(anonymous_21)
FN:281,(anonymous_22)
FN:285,(anonymous_23)
FNF:24
FNH:24
FNDA:83,recordMeasurement
FNDA:25,getMeasurementsBySensor
FNDA:18,(anonymous_2)
FNDA:16,getStatisticsBySensor
FNDA:16,getOutliersBySensor
FNDA:5,(anonymous_5)
FNDA:27,getMeasurementsByNetwork
FNDA:5,(anonymous_7)
FNDA:4,(anonymous_8)
FNDA:6,(anonymous_9)
FNDA:22,(anonymous_10)
FNDA:56,(anonymous_11)
FNDA:16,getStatisticsByNetwork
FNDA:5,(anonymous_13)
FNDA:4,(anonymous_14)
FNDA:4,(anonymous_15)
FNDA:13,(anonymous_16)
FNDA:17,getOutliersByNetwork
FNDA:4,(anonymous_18)
FNDA:3,(anonymous_19)
FNDA:3,(anonymous_20)
FNDA:12,(anonymous_21)
FNDA:40,(anonymous_22)
FNDA:5,(anonymous_23)
DA:1,17
DA:3,17
DA:5,17
DA:6,17
DA:7,17
DA:8,17
DA:9,17
DA:11,17
DA:13,17
DA:14,83
DA:16,83
DA:17,81
DA:18,81
DA:20,80
DA:21,314
DA:28,5
DA:29,2
DA:30,1
DA:34,17
DA:35,25
DA:37,25
DA:38,23
DA:39,21
DA:41,19
DA:47,17
DA:49,5
DA:59,12
DA:65,18
DA:73,12
DA:79,8
DA:80,2
DA:81,1
DA:85,17
DA:86,16
DA:88,16
DA:89,14
DA:90,12
DA:92,10
DA:97,8
DA:99,8
DA:100,2
DA:101,1
DA:105,17
DA:106,16
DA:108,16
DA:109,14
DA:110,12
DA:112,10
DA:119,8
DA:125,8
DA:128,5
DA:135,8
DA:136,2
DA:137,1
DA:141,17
DA:142,27
DA:143,27
DA:144,25
DA:150,23
DA:151,5
DA:152,6
DA:166,18
DA:167,18
DA:168,56
DA:169,56
DA:170,56
DA:172,18
DA:173,22
DA:177,56
DA:184,22
DA:190,18
DA:192,4
DA:193,2
DA:194,1
DA:198,17
DA:199,16
DA:200,16
DA:201,14
DA:206,14
DA:207,5
DA:208,5
DA:221,9
DA:222,9
DA:223,22
DA:224,22
DA:225,22
DA:227,9
DA:228,13
DA:232,11
DA:237,7
DA:239,4
DA:240,2
DA:241,1
DA:245,17
DA:246,17
DA:247,17
DA:248,15
DA:254,14
DA:255,4
DA:256,4
DA:270,10
DA:271,10
DA:272,41
DA:273,41
DA:274,41
DA:276,10
DA:277,12
DA:281,11
DA:282,40
DA:285,5
DA:290,11
DA:296,9
DA:298,4
DA:299,2
DA:300,1
LF:115
LH:115
BRDA:28,0,0,3
BRDA:29,1,0,1
BRDA:30,2,0,1
BRDA:30,2,1,1
BRDA:43,3,0,5
BRDA:43,3,1,14
BRDA:44,4,0,5
BRDA:44,4,1,14
BRDA:47,5,0,5
BRDA:47,6,0,17
BRDA:47,6,1,17
BRDA:61,7,0,3
BRDA:61,7,1,9
BRDA:62,8,0,3
BRDA:62,8,1,9
BRDA:68,9,0,17
BRDA:68,9,1,1
BRDA:68,10,0,18
BRDA:68,10,1,17
BRDA:69,11,0,17
BRDA:69,11,1,14
BRDA:79,12,0,6
BRDA:80,13,0,1
BRDA:81,14,0,1
BRDA:81,14,1,1
BRDA:94,15,0,1
BRDA:94,15,1,9
BRDA:95,16,0,1
BRDA:95,16,1,9
BRDA:99,17,0,6
BRDA:100,18,0,1
BRDA:101,19,0,1
BRDA:101,19,1,1
BRDA:114,20,0,1
BRDA:114,20,1,9
BRDA:115,21,0,1
BRDA:115,21,1,9
BRDA:121,22,0,1
BRDA:121,22,1,7
BRDA:122,23,0,1
BRDA:122,23,1,7
BRDA:135,24,0,6
BRDA:136,25,0,1
BRDA:137,26,0,1
BRDA:137,26,1,1
BRDA:146,27,0,5
BRDA:146,27,1,20
BRDA:147,28,0,5
BRDA:147,28,1,20
BRDA:150,29,0,5
BRDA:150,30,0,23
BRDA:150,30,1,23
BRDA:159,31,0,4
BRDA:159,31,1,2
BRDA:160,32,0,4
BRDA:160,32,1,2
BRDA:169,33,0,22
BRDA:174,34,0,5
BRDA:174,34,1,17
BRDA:175,35,0,5
BRDA:175,35,1,17
BRDA:180,36,0,55
BRDA:180,36,1,1
BRDA:180,37,0,56
BRDA:180,37,1,55
BRDA:181,38,0,55
BRDA:181,38,1,49
BRDA:192,39,0,2
BRDA:193,40,0,1
BRDA:194,41,0,1
BRDA:194,41,1,1
BRDA:203,42,0,2
BRDA:203,42,1,12
BRDA:204,43,0,2
BRDA:204,43,1,12
BRDA:206,44,0,5
BRDA:206,45,0,14
BRDA:206,45,1,14
BRDA:215,46,0,1
BRDA:215,46,1,3
BRDA:216,47,0,1
BRDA:216,47,1,3
BRDA:224,48,0,13
BRDA:229,49,0,1
BRDA:229,49,1,12
BRDA:230,50,0,1
BRDA:230,50,1,12
BRDA:239,51,0,2
BRDA:240,52,0,1
BRDA:241,53,0,1
BRDA:241,53,1,1
BRDA:250,54,0,2
BRDA:250,54,1,13
BRDA:251,55,0,2
BRDA:251,55,1,13
BRDA:254,56,0,4
BRDA:254,57,0,14
BRDA:254,57,1,14
BRDA:263,58,0,1
BRDA:263,58,1,2
BRDA:264,59,0,1
BRDA:264,59,1,2
BRDA:273,60,0,12
BRDA:278,61,0,1
BRDA:278,61,1,11
BRDA:279,62,0,1
BRDA:279,62,1,11
BRDA:282,63,0,39
BRDA:282,63,1,1
BRDA:282,64,0,40
BRDA:282,64,1,39
BRDA:283,65,0,39
BRDA:283,65,1,34
BRDA:298,66,0,2
BRDA:299,67,0,1
BRDA:300,68,0,1
BRDA:300,68,1,1
BRF:117
BRH:117
end_of_record
TN:
SF:src\controllers\networkController.ts
FN:5,getAllNetworks
FN:10,getNetworkByCode
FN:15,createNetwork
FN:20,updateNetwork
FN:25,deleteNetwork
FNF:5
FNH:5
FNDA:8,getAllNetworks
FNDA:19,getNetworkByCode
FNDA:160,createNetwork
FNDA:8,updateNetwork
FNDA:13,deleteNetwork
DA:2,17
DA:3,17
DA:5,17
DA:6,8
DA:7,8
DA:10,17
DA:11,19
DA:12,19
DA:15,17
DA:16,160
DA:17,160
DA:20,17
DA:21,8
DA:22,8
DA:25,17
DA:26,13
DA:27,13
LF:17
LH:17
BRF:0
BRH:0
end_of_record
TN:
SF:src\controllers\sensorController.ts
FN:9,getSensorsByGateway
FN:28,(anonymous_1)
FN:31,getSensorByMac
FN:53,createSensor
FN:79,updateSensor
FN:106,deleteSensor
FNF:6
FNH:6
FNDA:13,getSensorsByGateway
FNDA:10,(anonymous_1)
FNDA:127,getSensorByMac
FNDA:131,createSensor
FNDA:12,updateSensor
FNDA:16,deleteSensor
DA:2,18
DA:3,18
DA:4,18
DA:5,18
DA:6,18
DA:7,18
DA:9,18
DA:11,13
DA:12,13
DA:13,13
DA:16,11
DA:17,11
DA:21,11
DA:22,10
DA:24,9
DA:25,9
DA:28,10
DA:31,18
DA:33,127
DA:34,127
DA:35,127
DA:38,125
DA:39,125
DA:43,125
DA:44,122
DA:46,121
DA:47,121
DA:50,110
DA:53,18
DA:55,131
DA:56,131
DA:57,131
DA:60,130
DA:61,130
DA:65,130
DA:66,128
DA:68,127
DA:69,127
DA:79,18
DA:81,12
DA:82,12
DA:83,12
DA:86,11
DA:87,11
DA:91,11
DA:92,8
DA:94,7
DA:95,7
DA:106,18
DA:108,16
DA:109,16
DA:110,16
DA:113,15
DA:114,15
DA:118,15
DA:119,13
DA:121,12
DA:122,12
LF:58
LH:58
BRDA:13,0,0,2
BRDA:21,1,0,1
BRDA:22,2,0,1
BRDA:35,3,0,2
BRDA:43,4,0,3
BRDA:44,5,0,1
BRDA:57,6,0,1
BRDA:65,7,0,2
BRDA:66,8,0,1
BRDA:83,9,0,1
BRDA:91,10,0,3
BRDA:92,11,0,1
BRDA:110,12,0,1
BRDA:118,13,0,2
BRDA:119,14,0,1
BRF:15
BRH:15
end_of_record
TN:
SF:src\controllers\userController.ts
FN:5,getAllUsers
FN:10,getUser
FN:15,createUser
FN:20,deleteUser
FNF:4
FNH:4
FNDA:2,getAllUsers
FNDA:6,getUser
FNDA:2,createUser
FNDA:2,deleteUser
DA:2,17
DA:3,17
DA:5,17
DA:6,2
DA:7,2
DA:10,17
DA:11,6
DA:12,6
DA:15,17
DA:16,2
DA:17,2
DA:20,17
DA:21,2
DA:22,2
LF:14
LH:14
BRF:0
BRH:0
end_of_record
TN:
SF:src\middlewares\authMiddleware.ts
FN:10,authenticateUser
FN:11,(anonymous_1)
FNF:2
FNH:2
FNDA:416,authenticateUser
FNDA:851,(anonymous_1)
DA:3,16
DA:10,16
DA:11,416
DA:16,851
DA:17,851
DA:18,803
DA:20,48
LF:7
LH:7
BRDA:10,0,0,192
BRF:1
BRH:1
end_of_record
TN:
SF:src\middlewares\errorMiddleware.ts
FN:5,errorHandler
FNF:1
FNH:1
FNDA:217,errorHandler
DA:1,16
DA:2,16
DA:5,16
DA:11,217
DA:12,217
LF:5
LH:5
BRF:0
BRH:0
end_of_record
TN:
SF:src\repositories\GatewayRepository.ts
FN:11,(anonymous_0)
FN:14,(anonymous_1)
FN:23,(anonymous_2)
FN:31,(anonymous_3)
FN:51,(anonymous_4)
FN:54,(anonymous_5)
FN:58,(anonymous_6)
FN:67,(anonymous_7)
FN:75,(anonymous_8)
FN:90,(anonymous_9)
FN:105,(anonymous_10)
FNF:11
FNH:11
FNDA:290,(anonymous_0)
FNDA:10,(anonymous_1)
FNDA:140,(anonymous_2)
FNDA:3,(anonymous_3)
FNDA:144,(anonymous_4)
FNDA:130,(anonymous_5)
FNDA:12,(anonymous_6)
FNDA:10,(anonymous_7)
FNDA:1,(anonymous_8)
FNDA:2,(anonymous_9)
FNDA:14,(anonymous_10)
DA:1,20
DA:3,20
DA:4,20
DA:5,20
DA:6,20
DA:8,20
DA:12,290
DA:16,10
DA:17,10
DA:18,10
DA:20,9
DA:29,140
DA:31,3
DA:36,137
DA:37,137
DA:39,135
DA:45,135
DA:46,135
DA:52,144
DA:54,130
DA:65,12
DA:67,10
DA:72,10
DA:73,8
DA:75,1
DA:80,9
DA:81,9
DA:84,9
DA:85,9
DA:86,9
DA:87,7
DA:88,6
DA:89,6
DA:90,6
DA:91,2
DA:93,6
DA:95,6
DA:97,1
DA:98,1
DA:100,7
DA:107,14
DA:108,14
DA:109,14
DA:112,13
DA:113,12
DA:114,1
DA:117,11
LF:47
LH:47
BRDA:18,0,0,1
BRDA:37,1,0,2
BRDA:72,2,0,8
BRDA:86,3,0,2
BRDA:87,4,0,6
BRDA:87,4,1,1
BRDA:109,5,0,1
BRDA:113,6,0,1
BRF:8
BRH:8
end_of_record
TN:
SF:src\repositories\MeasurementRepository.ts
FN:11,(anonymous_0)
FN:15,(anonymous_1)
FN:19,(anonymous_2)
FN:27,(anonymous_3)
FN:39,(anonymous_4)
FN:41,(anonymous_5)
FN:56,(anonymous_6)
FN:57,(anonymous_7)
FN:73,(anonymous_8)
FN:78,(anonymous_9)
FN:82,(anonymous_10)
FN:96,(anonymous_11)
FN:98,(anonymous_12)
FN:113,(anonymous_13)
FN:115,(anonymous_14)
FN:131,(anonymous_15)
FN:136,(anonymous_16)
FNF:17
FNH:17
FNDA:21,(anonymous_0)
FNDA:332,(anonymous_1)
FNDA:332,(anonymous_2)
FNDA:94,(anonymous_3)
FNDA:70,(anonymous_4)
FNDA:200,(anonymous_5)
FNDA:200,(anonymous_6)
FNDA:200,(anonymous_7)
FNDA:12,(anonymous_8)
FNDA:43,(anonymous_9)
FNDA:51,(anonymous_10)
FNDA:10,(anonymous_11)
FNDA:10,(anonymous_12)
FNDA:10,(anonymous_13)
FNDA:10,(anonymous_14)
FNDA:5,(anonymous_15)
FNDA:6,(anonymous_16)
DA:1,20
DA:3,20
DA:4,20
DA:5,20
DA:8,20
DA:12,21
DA:16,332
DA:17,332
DA:19,332
DA:23,330
DA:24,330
DA:28,94
DA:33,94
DA:34,94
DA:36,94
DA:40,70
DA:41,200
DA:43,70
DA:46,12
DA:56,200
DA:57,200
DA:58,58
DA:59,58
DA:60,58
DA:62,58
DA:74,12
DA:75,12
DA:77,12
DA:78,43
DA:83,51
DA:90,51
DA:91,51
DA:93,51
DA:97,10
DA:98,10
DA:100,10
DA:103,6
DA:113,10
DA:114,4
DA:115,10
DA:116,4
DA:117,4
DA:118,4
DA:120,4
DA:132,5
DA:133,5
DA:135,5
DA:136,6
LF:48
LH:48
BRDA:19,0,0,332
BRDA:19,0,1,330
BRDA:33,1,0,14
BRDA:34,2,0,14
BRDA:43,3,0,12
BRDA:51,4,0,1
BRDA:51,4,1,11
BRDA:52,5,0,1
BRDA:52,5,1,11
BRDA:78,6,0,43
BRDA:78,6,1,38
BRDA:90,7,0,8
BRDA:91,8,0,8
BRDA:100,9,0,6
BRDA:108,10,0,1
BRDA:108,10,1,5
BRDA:109,11,0,1
BRDA:109,11,1,5
BRDA:136,12,0,6
BRDA:136,12,1,5
BRF:20
BRH:20
end_of_record
TN:
SF:src\repositories\NetworkRepository.ts
FN:9,(anonymous_0)
FN:13,(anonymous_1)
FN:17,(anonymous_2)
FN:24,(anonymous_3)
FN:35,(anonymous_4)
FN:38,(anonymous_5)
FN:42,(anonymous_6)
FN:45,(anonymous_7)
FN:53,(anonymous_8)
FN:62,(anonymous_9)
FN:77,(anonymous_10)
FNF:11
FNH:11
FNDA:222,(anonymous_0)
FNDA:9,(anonymous_1)
FNDA:170,(anonymous_2)
FNDA:3,(anonymous_3)
FNDA:220,(anonymous_4)
FNDA:195,(anonymous_5)
FNDA:11,(anonymous_6)
FNDA:8,(anonymous_7)
FNDA:1,(anonymous_8)
FNDA:2,(anonymous_9)
FNDA:21,(anonymous_10)
DA:1,22
DA:3,22
DA:4,22
DA:6,22
DA:10,222
DA:14,9
DA:22,170
DA:24,3
DA:28,167
DA:36,220
DA:38,195
DA:43,11
DA:45,8
DA:50,8
DA:51,7
DA:53,1
DA:58,7
DA:59,7
DA:60,7
DA:61,6
DA:62,6
DA:63,2
DA:65,6
DA:66,6
DA:68,1
DA:71,7
DA:78,21
LF:27
LH:27
BRDA:50,0,0,7
BRDA:60,1,0,6
BRDA:60,1,1,1
BRF:3
BRH:3
end_of_record
TN:
SF:src\repositories\SensorRepository.ts
FN:12,(anonymous_0)
FN:15,(anonymous_1)
FN:34,(anonymous_3)
FN:48,(anonymous_4)
FN:51,(anonymous_5)
FN:55,(anonymous_6)
FN:66,(anonymous_7)
FN:74,(anonymous_8)
FN:90,(anonymous_9)
FN:105,(anonymous_10)
FNF:10
FNH:10
FNDA:282,(anonymous_0)
FNDA:10,(anonymous_1)
FNDA:3,(anonymous_3)
FNDA:138,(anonymous_4)
FNDA:122,(anonymous_5)
FNDA:11,(anonymous_6)
FNDA:9,(anonymous_7)
FNDA:1,(anonymous_8)
FNDA:1,(anonymous_9)
FNDA:15,(anonymous_10)
DA:1,20
DA:4,20
DA:5,20
DA:6,20
DA:7,20
DA:9,20
DA:13,282
DA:17,10
DA:18,10
DA:19,10
DA:21,9
DA:32,130
DA:34,3
DA:37,127
DA:45,127
DA:49,138
DA:51,122
DA:64,11
DA:66,9
DA:71,9
DA:72,8
DA:74,1
DA:79,8
DA:80,8
DA:81,8
DA:82,8
DA:84,8
DA:85,8
DA:86,8
DA:87,7
DA:88,6
DA:89,6
DA:90,6
DA:91,1
DA:93,6
DA:94,6
DA:96,1
DA:97,1
DA:99,7
DA:106,15
LF:40
LH:40
BRDA:19,0,0,1
BRDA:71,1,0,8
BRDA:86,2,0,1
BRDA:87,3,0,6
BRDA:87,3,1,1
BRF:5
BRH:5
end_of_record
TN:
SF:src\repositories\UserRepository.ts
FN:10,(anonymous_0)
FN:14,(anonymous_1)
FN:18,(anonymous_2)
FN:21,(anonymous_3)
FN:26,(anonymous_4)
FN:33,(anonymous_5)
FN:44,(anonymous_6)
FNF:7
FNH:7
FNDA:917,(anonymous_0)
FNDA:4,(anonymous_1)
FNDA:752,(anonymous_2)
FNDA:746,(anonymous_3)
FNDA:441,(anonymous_4)
FNDA:2,(anonymous_5)
FNDA:5,(anonymous_6)
DA:1,28
DA:3,28
DA:5,28
DA:7,28
DA:11,917
DA:15,4
DA:19,752
DA:21,746
DA:31,441
DA:33,2
DA:37,439
DA:45,5
LF:12
LH:12
BRF:0
BRH:0
end_of_record
TN:
SF:src\routes\authenticationRoutes.ts
FN:8,(anonymous_0)
FNF:1
FNH:1
FNDA:4,(anonymous_0)
DA:1,16
DA:2,16
DA:3,16
DA:5,16
DA:8,16
DA:9,4
DA:10,4
DA:12,3
DA:16,16
LF:9
LH:9
BRF:0
BRH:0
end_of_record
TN:
SF:src\routes\gatewayRoutes.ts
FN:16,(anonymous_0)
FN:25,(anonymous_1)
FN:35,(anonymous_2)
FN:44,(anonymous_3)
FN:54,(anonymous_4)
FNF:5
FNH:5
FNDA:12,(anonymous_0)
FNDA:136,(anonymous_1)
FNDA:14,(anonymous_2)
FNDA:10,(anonymous_3)
FNDA:14,(anonymous_4)
DA:1,16
DA:2,16
DA:3,16
DA:4,16
DA:11,16
DA:13,16
DA:16,16
DA:17,12
DA:18,12
DA:20,3
DA:25,16
DA:26,136
DA:27,136
DA:28,132
DA:30,4
DA:35,16
DA:36,14
DA:37,14
DA:39,7
DA:44,16
DA:45,10
DA:46,10
DA:47,6
DA:49,4
DA:54,16
DA:55,14
DA:56,14
DA:57,11
DA:59,3
DA:63,16
LF:30
LH:30
BRF:0
BRH:0
end_of_record
TN:
SF:src\routes\measurementRoutes.ts
FN:17,(anonymous_0)
FN:27,(anonymous_1)
FN:37,(anonymous_2)
FN:47,(anonymous_3)
FN:60,(anonymous_4)
FN:79,(anonymous_5)
FN:98,(anonymous_6)
FNF:7
FNH:7
FNDA:84,(anonymous_0)
FNDA:23,(anonymous_1)
FNDA:15,(anonymous_2)
FNDA:15,(anonymous_3)
FNDA:23,(anonymous_4)
FNDA:14,(anonymous_5)
FNDA:14,(anonymous_6)
DA:1,16
DA:2,16
DA:3,16
DA:4,16
DA:14,16
DA:17,16
DA:18,84
DA:19,84
DA:20,78
DA:22,6
DA:27,16
DA:28,23
DA:29,23
DA:30,23
DA:32,10
DA:37,16
DA:38,15
DA:39,15
DA:40,15
DA:42,8
DA:47,16
DA:48,15
DA:49,15
DA:50,15
DA:52,8
DA:57,16
DA:61,23
DA:62,23
DA:63,23
DA:71,4
DA:76,16
DA:80,14
DA:81,14
DA:82,14
DA:90,4
DA:95,16
DA:99,14
DA:100,14
DA:101,14
DA:109,4
DA:113,16
LF:41
LH:41
BRF:0
BRH:0
end_of_record
TN:
SF:src\routes\networkRoutes.ts
FN:16,(anonymous_0)
FN:25,(anonymous_1)
FN:35,(anonymous_2)
FN:44,(anonymous_3)
FN:54,(anonymous_4)
FNF:5
FNH:5
FNDA:9,(anonymous_0)
FNDA:161,(anonymous_1)
FNDA:24,(anonymous_2)
FNDA:9,(anonymous_3)
FNDA:14,(anonymous_4)
DA:1,16
DA:2,16
DA:3,16
DA:4,16
DA:11,16
DA:13,16
DA:16,16
DA:17,9
DA:18,9
DA:20,1
DA:25,16
DA:26,161
DA:27,161
DA:28,159
DA:30,2
DA:35,16
DA:36,24
DA:37,24
DA:39,11
DA:44,16
DA:45,9
DA:46,9
DA:47,6
DA:49,3
DA:54,16
DA:55,14
DA:56,14
DA:57,12
DA:59,2
DA:63,16
LF:30
LH:30
BRF:0
BRH:0
end_of_record
TN:
SF:src\routes\sensorRoutes.ts
FN:16,(anonymous_0)
FN:25,(anonymous_1)
FN:35,(anonymous_2)
FN:44,(anonymous_3)
FN:54,(anonymous_4)
FNF:5
FNH:5
FNDA:14,(anonymous_0)
FNDA:132,(anonymous_1)
FNDA:19,(anonymous_2)
FNDA:12,(anonymous_3)
FNDA:16,(anonymous_4)
DA:1,16
DA:2,16
DA:3,16
DA:4,16
DA:11,16
DA:13,16
DA:16,16
DA:17,14
DA:18,14
DA:20,5
DA:25,16
DA:26,132
DA:27,132
DA:28,126
DA:30,6
DA:35,16
DA:36,19
DA:37,19
DA:39,10
DA:44,16
DA:45,12
DA:46,12
DA:47,6
DA:49,6
DA:54,16
DA:55,16
DA:56,16
DA:57,11
DA:59,5
DA:63,16
LF:30
LH:30
BRF:0
BRH:0
end_of_record
TN:
SF:src\routes\userRoutes.ts
FN:15,(anonymous_0)
FN:24,(anonymous_1)
FN:37,(anonymous_2)
FN:50,(anonymous_3)
FNF:4
FNH:4
FNDA:4,(anonymous_0)
FNDA:5,(anonymous_1)
FNDA:5,(anonymous_2)
FNDA:5,(anonymous_3)
DA:1,16
DA:2,16
DA:3,16
DA:4,16
DA:10,16
DA:12,16
DA:15,16
DA:16,4
DA:17,4
DA:19,1
DA:24,16
DA:25,5
DA:26,5
DA:27,3
DA:29,2
DA:34,16
DA:38,5
DA:39,5
DA:41,2
DA:47,16
DA:51,5
DA:52,5
DA:53,3
DA:55,2
DA:60,16
LF:25
LH:25
BRF:0
BRH:0
end_of_record
TN:
SF:src\services\authService.ts
FN:11,generateToken
FN:15,processToken
FN:35,verifyToken
FN:45,extractBearerToken
FNF:4
FNH:4
FNDA:405,generateToken
FNDA:773,processToken
FNDA:773,verifyToken
FNDA:773,extractBearerToken
DA:1,19
DA:2,19
DA:5,19
DA:7,19
DA:8,19
DA:9,19
DA:11,19
DA:12,405
DA:15,19
DA:20,773
DA:22,746
DA:23,746
DA:25,1
DA:30,745
DA:31,12
DA:36,773
DA:37,773
DA:39,27
DA:46,773
DA:47,1
DA:50,772
DA:51,772
DA:52,8
DA:55,764
LF:24
LH:24
BRDA:17,0,0,1
BRDA:18,1,0,760
BRDA:30,2,0,12
BRDA:30,3,0,745
BRDA:30,3,1,586
BRDA:39,4,0,10
BRDA:39,4,1,17
BRDA:46,5,0,1
BRDA:51,6,0,8
BRDA:51,7,0,772
BRDA:51,7,1,765
BRF:11
BRH:11
end_of_record
TN:
SF:src\services\errorService.ts
FN:6,createAppError
FNF:1
FNH:1
FNDA:221,createAppError
DA:2,17
DA:3,17
DA:4,17
DA:6,17
DA:7,221
DA:13,221
DA:14,221
DA:18,221
DA:22,193
DA:25,221
LF:10
LH:10
BRDA:9,0,0,221
BRDA:9,0,1,1
BRDA:15,1,0,221
BRDA:15,1,1,1
BRDA:18,2,0,193
BRDA:19,3,0,221
BRDA:19,3,1,80
BRDA:19,3,2,52
BRF:8
BRH:8
end_of_record
TN:
SF:src\services\mapperService.ts
FN:14,createErrorDTO
FN:26,createTokenDTO
FN:32,createUserDTO
FN:44,mapUserDAOToDTO
FN:48,createNetworkDTO
FN:62,mapNetworkDAOToDTO
FN:66,createGatewayDTO
FN:80,mapGatewayDAOToDTO
FN:89,createSensorDTO
FN:107,mapSensorDAOToDTO
FN:119,removeNullAttributes
FN:122,(anonymous_11)
FNF:12
FNH:12
FNDA:411,createErrorDTO
FNDA:2,createTokenDTO
FNDA:14,createUserDTO
FNDA:11,mapUserDAOToDTO
FNDA:13,createNetworkDTO
FNDA:13,mapNetworkDAOToDTO
FNDA:124,createGatewayDTO
FNDA:124,mapGatewayDAOToDTO
FNDA:120,createSensorDTO
FNDA:120,mapSensorDAOToDTO
FNDA:685,removeNullAttributes
FNDA:2549,(anonymous_11)
DA:14,28
DA:19,411
DA:26,28
DA:27,2
DA:32,28
DA:37,14
DA:44,28
DA:45,11
DA:48,28
DA:54,13
DA:62,28
DA:63,13
DA:66,28
DA:72,124
DA:80,28
DA:81,124
DA:89,28
DA:97,120
DA:107,28
DA:108,120
DA:119,28
DA:120,685
DA:123,2549
LF:23
LH:23
BRDA:123,0,0,2549
BRDA:123,0,1,2547
BRDA:123,0,2,2410
BRDA:123,0,3,135
BRF:4
BRH:4
end_of_record
TN:
SF:src\services\measurementService.ts
FN:6,(anonymous_0)
FN:10,(anonymous_1)
FN:14,(anonymous_2)
FN:18,(anonymous_3)
FN:22,(anonymous_4)
FN:26,(anonymous_5)
FN:30,(anonymous_6)
FN:34,(anonymous_7)
FNF:8
FNH:8
FNDA:21,(anonymous_0)
FNDA:311,(anonymous_1)
FNDA:12,(anonymous_2)
FNDA:54,(anonymous_3)
FNDA:7,(anonymous_4)
FNDA:36,(anonymous_5)
FNDA:1,(anonymous_6)
FNDA:1,(anonymous_7)
DA:1,18
DA:3,18
DA:7,21
DA:11,311
DA:15,12
DA:19,54
DA:23,7
DA:27,36
DA:31,1
DA:35,1
LF:10
LH:10
BRDA:7,0,0,21
BRDA:7,0,1,17
BRF:2
BRH:2
end_of_record
TN:
SF:src\services\networkService.ts
FN:6,getAllNetworks
FN:10,getNetworkByCode
FN:14,createNetwork
FN:18,updateNetwork
FN:22,deleteNetwork
FNF:5
FNH:5
FNDA:1,getAllNetworks
FNDA:177,getNetworkByCode
FNDA:1,createNetwork
FNDA:1,updateNetwork
FNDA:1,deleteNetwork
DA:1,17
DA:4,17
DA:6,17
DA:7,1
DA:10,17
DA:11,177
DA:14,17
DA:15,1
DA:18,17
DA:19,1
DA:22,17
DA:23,1
LF:12
LH:12
BRF:0
BRH:0
end_of_record
